{"/home/travis/build/npmtest/node-npmtest-bhttp/test.js":{"path":"/home/travis/build/npmtest/node-npmtest-bhttp/test.js","s":{"1":2,"2":2,"3":2,"4":2,"5":2,"6":2,"7":2,"8":1,"9":2,"10":2,"11":1,"12":1,"13":1,"14":1,"15":2,"16":2,"17":2,"18":2,"19":1,"20":1,"21":2,"22":2,"23":2,"24":1,"25":1,"26":1,"27":1,"28":1,"29":1,"30":1,"31":1,"32":1,"33":1,"34":1,"35":1,"36":1,"37":1,"38":1,"39":2,"40":2,"41":1,"42":2,"43":2,"44":1,"45":2,"46":2,"47":1,"48":2,"49":2,"50":1,"51":1,"52":1,"53":1,"54":1},"b":{"1":[2,1,1,1],"2":[1,1,1,1],"3":[1,1],"4":[1,1],"5":[1,1],"6":[1,1],"7":[1,1],"8":[1,1],"9":[1,1],"10":[1,1,1],"11":[1,1],"12":[1,1],"13":[1,1],"14":[1,1],"15":[1,1],"16":[1,1],"17":[1,1]},"f":{"1":2,"2":2,"3":2,"4":2,"5":2,"6":1,"7":1,"8":1,"9":2,"10":2,"11":2,"12":2,"13":1},"fnMap":{"1":{"name":"(anonymous_1)","line":12,"loc":{"start":{"line":12,"column":1},"end":{"line":12,"column":13}}},"2":{"name":"(anonymous_2)","line":19,"loc":{"start":{"line":19,"column":5},"end":{"line":19,"column":17}}},"3":{"name":"(anonymous_3)","line":23,"loc":{"start":{"line":23,"column":24},"end":{"line":23,"column":36}}},"4":{"name":"(anonymous_4)","line":61,"loc":{"start":{"line":61,"column":5},"end":{"line":61,"column":17}}},"5":{"name":"(anonymous_5)","line":82,"loc":{"start":{"line":82,"column":5},"end":{"line":82,"column":17}}},"6":{"name":"(anonymous_6)","line":91,"loc":{"start":{"line":91,"column":77},"end":{"line":94,"column":10}}},"7":{"name":"(anonymous_7)","line":112,"loc":{"start":{"line":112,"column":83},"end":{"line":115,"column":10}},"skip":true},"8":{"name":"(anonymous_8)","line":123,"loc":{"start":{"line":123,"column":77},"end":{"line":126,"column":10}},"skip":true},"9":{"name":"(anonymous_9)","line":139,"loc":{"start":{"line":139,"column":12},"end":{"line":139,"column":40}},"skip":true},"10":{"name":"(anonymous_10)","line":147,"loc":{"start":{"line":147,"column":77},"end":{"line":150,"column":10}},"skip":true},"11":{"name":"(anonymous_11)","line":158,"loc":{"start":{"line":158,"column":83},"end":{"line":161,"column":10}},"skip":true},"12":{"name":"(anonymous_12)","line":169,"loc":{"start":{"line":169,"column":79},"end":{"line":172,"column":10}},"skip":true},"13":{"name":"(anonymous_13)","line":180,"loc":{"start":{"line":180,"column":75},"end":{"line":183,"column":10}},"skip":true}},"statementMap":{"1":{"start":{"line":12,"column":0},"end":{"line":195,"column":5}},"2":{"start":{"line":14,"column":4},"end":{"line":14,"column":14}},"3":{"start":{"line":19,"column":4},"end":{"line":56,"column":9}},"4":{"start":{"line":21,"column":8},"end":{"line":21,"column":19}},"5":{"start":{"line":23,"column":8},"end":{"line":35,"column":13}},"6":{"start":{"line":24,"column":12},"end":{"line":34,"column":13}},"7":{"start":{"line":25,"column":16},"end":{"line":28,"column":30}},"8":{"start":{"line":30,"column":16},"end":{"line":33,"column":27}},"9":{"start":{"line":37,"column":8},"end":{"line":39,"column":21}},"10":{"start":{"line":40,"column":8},"end":{"line":53,"column":9}},"11":{"start":{"line":43,"column":12},"end":{"line":46,"column":14}},"12":{"start":{"line":47,"column":12},"end":{"line":47,"column":18}},"13":{"start":{"line":50,"column":12},"end":{"line":51,"column":33}},"14":{"start":{"line":52,"column":12},"end":{"line":52,"column":18}},"15":{"start":{"line":55,"column":8},"end":{"line":55,"column":35}},"16":{"start":{"line":61,"column":4},"end":{"line":63,"column":9}},"17":{"start":{"line":62,"column":8},"end":{"line":62,"column":15}},"18":{"start":{"line":64,"column":4},"end":{"line":77,"column":5}},"19":{"start":{"line":70,"column":8},"end":{"line":70,"column":14}},"20":{"start":{"line":76,"column":8},"end":{"line":76,"column":14}},"21":{"start":{"line":82,"column":4},"end":{"line":84,"column":9}},"22":{"start":{"line":83,"column":8},"end":{"line":83,"column":15}},"23":{"start":{"line":85,"column":4},"end":{"line":194,"column":5}},"24":{"start":{"line":91,"column":8},"end":{"line":99,"column":10}},"25":{"start":{"line":98,"column":12},"end":{"line":98,"column":35}},"26":{"start":{"line":102,"column":8},"end":{"line":104,"column":63}},"27":{"start":{"line":105,"column":8},"end":{"line":105,"column":14}},"28":{"start":{"line":112,"column":8},"end":{"line":121,"column":10},"skip":true},"29":{"start":{"line":119,"column":12},"end":{"line":119,"column":55},"skip":true},"30":{"start":{"line":120,"column":12},"end":{"line":120,"column":48},"skip":true},"31":{"start":{"line":123,"column":8},"end":{"line":136,"column":10},"skip":true},"32":{"start":{"line":130,"column":12},"end":{"line":130,"column":76},"skip":true},"33":{"start":{"line":131,"column":12},"end":{"line":131,"column":73},"skip":true},"34":{"start":{"line":132,"column":12},"end":{"line":132,"column":74},"skip":true},"35":{"start":{"line":133,"column":12},"end":{"line":133,"column":79},"skip":true},"36":{"start":{"line":134,"column":12},"end":{"line":134,"column":25},"skip":true},"37":{"start":{"line":135,"column":12},"end":{"line":135,"column":45},"skip":true},"38":{"start":{"line":138,"column":8},"end":{"line":145,"column":14},"skip":true},"39":{"start":{"line":143,"column":16},"end":{"line":143,"column":29},"skip":true},"40":{"start":{"line":144,"column":16},"end":{"line":144,"column":55},"skip":true},"41":{"start":{"line":147,"column":8},"end":{"line":156,"column":10},"skip":true},"42":{"start":{"line":154,"column":12},"end":{"line":154,"column":25},"skip":true},"43":{"start":{"line":155,"column":12},"end":{"line":155,"column":45},"skip":true},"44":{"start":{"line":158,"column":8},"end":{"line":167,"column":10},"skip":true},"45":{"start":{"line":165,"column":12},"end":{"line":165,"column":25},"skip":true},"46":{"start":{"line":166,"column":12},"end":{"line":166,"column":48},"skip":true},"47":{"start":{"line":169,"column":8},"end":{"line":178,"column":10},"skip":true},"48":{"start":{"line":176,"column":12},"end":{"line":176,"column":25},"skip":true},"49":{"start":{"line":177,"column":12},"end":{"line":177,"column":46},"skip":true},"50":{"start":{"line":180,"column":8},"end":{"line":189,"column":10},"skip":true},"51":{"start":{"line":187,"column":12},"end":{"line":187,"column":94},"skip":true},"52":{"start":{"line":188,"column":12},"end":{"line":188,"column":48},"skip":true},"53":{"start":{"line":192,"column":8},"end":{"line":192,"column":35},"skip":true},"54":{"start":{"line":193,"column":8},"end":{"line":193,"column":14},"skip":true}},"branchMap":{"1":{"line":25,"type":"binary-expr","locations":[{"start":{"line":25,"column":23},"end":{"line":25,"column":62}},{"start":{"line":26,"column":20},"end":{"line":26,"column":70}},{"start":{"line":27,"column":20},"end":{"line":27,"column":71}},{"start":{"line":28,"column":20},"end":{"line":28,"column":29}}]},"2":{"line":30,"type":"binary-expr","locations":[{"start":{"line":30,"column":23},"end":{"line":30,"column":37}},{"start":{"line":31,"column":20},"end":{"line":31,"column":61}},{"start":{"line":32,"column":20},"end":{"line":32,"column":70}},{"start":{"line":33,"column":20},"end":{"line":33,"column":26}}]},"3":{"line":37,"type":"cond-expr","locations":[{"start":{"line":38,"column":14},"end":{"line":38,"column":20}},{"start":{"line":39,"column":14},"end":{"line":39,"column":20}}]},"4":{"line":40,"type":"switch","locations":[{"start":{"line":42,"column":8},"end":{"line":47,"column":18}},{"start":{"line":49,"column":8},"end":{"line":52,"column":18}}]},"5":{"line":44,"type":"binary-expr","locations":[{"start":{"line":44,"column":16},"end":{"line":44,"column":44}},{"start":{"line":44,"column":48},"end":{"line":44,"column":66}}]},"6":{"line":50,"type":"binary-expr","locations":[{"start":{"line":50,"column":21},"end":{"line":50,"column":49}},{"start":{"line":50,"column":53},"end":{"line":50,"column":72}}]},"7":{"line":64,"type":"switch","locations":[{"start":{"line":69,"column":4},"end":{"line":70,"column":14}},{"start":{"line":75,"column":4},"end":{"line":76,"column":14}}]},"8":{"line":85,"type":"switch","locations":[{"start":{"line":90,"column":4},"end":{"line":105,"column":14}},{"start":{"line":111,"column":4},"end":{"line":193,"column":14},"skip":true}]},"9":{"line":91,"type":"binary-expr","locations":[{"start":{"line":91,"column":42},"end":{"line":91,"column":73}},{"start":{"line":91,"column":77},"end":{"line":99,"column":9}}]},"10":{"line":102,"type":"binary-expr","locations":[{"start":{"line":102,"column":18},"end":{"line":102,"column":32}},{"start":{"line":103,"column":12},"end":{"line":103,"column":53}},{"start":{"line":104,"column":12},"end":{"line":104,"column":61}}]},"11":{"line":112,"type":"binary-expr","locations":[{"start":{"line":112,"column":45},"end":{"line":112,"column":79},"skip":true},{"start":{"line":112,"column":83},"end":{"line":121,"column":9},"skip":true}]},"12":{"line":123,"type":"binary-expr","locations":[{"start":{"line":123,"column":42},"end":{"line":123,"column":73},"skip":true},{"start":{"line":123,"column":77},"end":{"line":136,"column":9},"skip":true}]},"13":{"line":138,"type":"binary-expr","locations":[{"start":{"line":138,"column":48},"end":{"line":138,"column":85},"skip":true},{"start":{"line":139,"column":12},"end":{"line":145,"column":13},"skip":true}]},"14":{"line":147,"type":"binary-expr","locations":[{"start":{"line":147,"column":42},"end":{"line":147,"column":73},"skip":true},{"start":{"line":147,"column":77},"end":{"line":156,"column":9},"skip":true}]},"15":{"line":158,"type":"binary-expr","locations":[{"start":{"line":158,"column":45},"end":{"line":158,"column":79},"skip":true},{"start":{"line":158,"column":83},"end":{"line":167,"column":9},"skip":true}]},"16":{"line":169,"type":"binary-expr","locations":[{"start":{"line":169,"column":43},"end":{"line":169,"column":75},"skip":true},{"start":{"line":169,"column":79},"end":{"line":178,"column":9},"skip":true}]},"17":{"line":180,"type":"binary-expr","locations":[{"start":{"line":180,"column":41},"end":{"line":180,"column":71},"skip":true},{"start":{"line":180,"column":75},"end":{"line":189,"column":9},"skip":true}]}},"code":["/* istanbul instrument in package npmtest_bhttp */","/*jslint","    bitwise: true,","    browser: true,","    maxerr: 8,","    maxlen: 96,","    node: true,","    nomen: true,","    regexp: true,","    stupid: true","*/","(function () {","    'use strict';","    var local;","","","","    // run shared js-env code - init-before","    (function () {","        // init local","        local = {};","        // init modeJs","        local.modeJs = (function () {","            try {","                return typeof navigator.userAgent === 'string' &&","                    typeof document.querySelector('body') === 'object' &&","                    typeof XMLHttpRequest.prototype.open === 'function' &&","                    'browser';","            } catch (errorCaughtBrowser) {","                return module.exports &&","                    typeof process.versions.node === 'string' &&","                    typeof require('http').createServer === 'function' &&","                    'node';","            }","        }());","        // init global","        local.global = local.modeJs === 'browser'","            ? window","            : global;","        switch (local.modeJs) {","        // re-init local from window.local","        case 'browser':","            local = local.global.utility2.objectSetDefault(","                local.global.utility2_rollup || local.global.local,","                local.global.utility2","            );","            break;","        // re-init local from example.js","        case 'node':","            local = (local.global.utility2_rollup || require('utility2'))","                .requireReadme();","            break;","        }","        // export local","        local.global.local = local;","    }());","","","","    // run shared js-env code - function","    (function () {","        return;","    }());","    switch (local.modeJs) {","","","","    // run browser js-env code - function","    case 'browser':","        break;","","","","    // run node js-env code - function","    case 'node':","        break;","    }","","","","    // run shared js-env code - init-after","    (function () {","        return;","    }());","    switch (local.modeJs) {","","","","    // run browser js-env code - init-after","    case 'browser':","        local.testCase_browser_nullCase = local.testCase_browser_nullCase || function (","            options,","            onError","        ) {","        /*","         * this function will test browsers's null-case handling-behavior-behavior","         */","            onError(null, options);","        };","","        // run tests","        local.nop(local.modeTest &&","            document.querySelector('#testRunButton1') &&","            document.querySelector('#testRunButton1').click());","        break;","","","","    // run node js-env code - init-after","    /* istanbul ignore next */","    case 'node':","        local.testCase_buildApidoc_default = local.testCase_buildApidoc_default || function (","            options,","            onError","        ) {","        /*","         * this function will test buildApidoc's default handling-behavior-behavior","         */","            options = { modulePathList: module.paths };","            local.buildApidoc(options, onError);","        };","","        local.testCase_buildApp_default = local.testCase_buildApp_default || function (","            options,","            onError","        ) {","        /*","         * this function will test buildApp's default handling-behavior-behavior","         */","            local.testCase_buildReadme_default(options, local.onErrorThrow);","            local.testCase_buildLib_default(options, local.onErrorThrow);","            local.testCase_buildTest_default(options, local.onErrorThrow);","            local.testCase_buildCustomOrg_default(options, local.onErrorThrow);","            options = [];","            local.buildApp(options, onError);","        };","","        local.testCase_buildCustomOrg_default = local.testCase_buildCustomOrg_default ||","            function (options, onError) {","            /*","             * this function will test buildCustomOrg's default handling-behavior","             */","                options = {};","                local.buildCustomOrg(options, onError);","            };","","        local.testCase_buildLib_default = local.testCase_buildLib_default || function (","            options,","            onError","        ) {","        /*","         * this function will test buildLib's default handling-behavior","         */","            options = {};","            local.buildLib(options, onError);","        };","","        local.testCase_buildReadme_default = local.testCase_buildReadme_default || function (","            options,","            onError","        ) {","        /*","         * this function will test buildReadme's default handling-behavior-behavior","         */","            options = {};","            local.buildReadme(options, onError);","        };","","        local.testCase_buildTest_default = local.testCase_buildTest_default || function (","            options,","            onError","        ) {","        /*","         * this function will test buildTest's default handling-behavior","         */","            options = {};","            local.buildTest(options, onError);","        };","","        local.testCase_webpage_default = local.testCase_webpage_default || function (","            options,","            onError","        ) {","        /*","         * this function will test webpage's default handling-behavior","         */","            options = { modeCoverageMerge: true, url: local.serverLocalHost + '?modeTest=1' };","            local.browserTest(options, onError);","        };","","        // run test-server","        local.testRunServer(local);","        break;","    }","}());",""],"l":{"12":2,"14":2,"19":2,"21":2,"23":2,"24":2,"25":2,"30":1,"37":2,"40":2,"43":1,"47":1,"50":1,"52":1,"55":2,"61":2,"62":2,"64":2,"70":1,"76":1,"82":2,"83":2,"85":2,"91":1,"98":1,"102":1,"105":1,"112":1,"119":1,"120":1,"123":1,"130":1,"131":1,"132":1,"133":1,"134":1,"135":1,"138":1,"143":2,"144":2,"147":1,"154":2,"155":2,"158":1,"165":2,"166":2,"169":1,"176":2,"177":2,"180":1,"187":1,"188":1,"192":1,"193":1}},"/home/travis/build/npmtest/node-npmtest-bhttp/lib.npmtest_bhttp.js":{"path":"/home/travis/build/npmtest/node-npmtest-bhttp/lib.npmtest_bhttp.js","s":{"1":2,"2":2,"3":2,"4":2,"5":2,"6":2,"7":2,"8":1,"9":2,"10":2,"11":2,"12":2,"13":1,"14":1,"15":1,"16":1},"b":{"1":[2,1,1,1],"2":[1,1,1,1],"3":[1,1],"4":[2,2],"5":[1,1]},"f":{"1":2,"2":2,"3":2},"fnMap":{"1":{"name":"(anonymous_1)","line":12,"loc":{"start":{"line":12,"column":1},"end":{"line":12,"column":13}}},"2":{"name":"(anonymous_2)","line":19,"loc":{"start":{"line":19,"column":5},"end":{"line":19,"column":17}}},"3":{"name":"(anonymous_3)","line":23,"loc":{"start":{"line":23,"column":24},"end":{"line":23,"column":36}}}},"statementMap":{"1":{"start":{"line":12,"column":0},"end":{"line":53,"column":5}},"2":{"start":{"line":14,"column":4},"end":{"line":14,"column":14}},"3":{"start":{"line":19,"column":4},"end":{"line":52,"column":9}},"4":{"start":{"line":21,"column":8},"end":{"line":21,"column":19}},"5":{"start":{"line":23,"column":8},"end":{"line":35,"column":13}},"6":{"start":{"line":24,"column":12},"end":{"line":34,"column":13}},"7":{"start":{"line":25,"column":16},"end":{"line":28,"column":30}},"8":{"start":{"line":30,"column":16},"end":{"line":33,"column":27}},"9":{"start":{"line":37,"column":8},"end":{"line":39,"column":21}},"10":{"start":{"line":41,"column":8},"end":{"line":41,"column":54}},"11":{"start":{"line":43,"column":8},"end":{"line":43,"column":50}},"12":{"start":{"line":45,"column":8},"end":{"line":51,"column":9}},"13":{"start":{"line":46,"column":12},"end":{"line":46,"column":56}},"14":{"start":{"line":48,"column":12},"end":{"line":48,"column":35}},"15":{"start":{"line":49,"column":12},"end":{"line":49,"column":49}},"16":{"start":{"line":50,"column":12},"end":{"line":50,"column":43}}},"branchMap":{"1":{"line":25,"type":"binary-expr","locations":[{"start":{"line":25,"column":23},"end":{"line":25,"column":62}},{"start":{"line":26,"column":20},"end":{"line":26,"column":70}},{"start":{"line":27,"column":20},"end":{"line":27,"column":71}},{"start":{"line":28,"column":20},"end":{"line":28,"column":29}}]},"2":{"line":30,"type":"binary-expr","locations":[{"start":{"line":30,"column":23},"end":{"line":30,"column":37}},{"start":{"line":31,"column":20},"end":{"line":31,"column":61}},{"start":{"line":32,"column":20},"end":{"line":32,"column":70}},{"start":{"line":33,"column":20},"end":{"line":33,"column":26}}]},"3":{"line":37,"type":"cond-expr","locations":[{"start":{"line":38,"column":14},"end":{"line":38,"column":20}},{"start":{"line":39,"column":14},"end":{"line":39,"column":20}}]},"4":{"line":41,"type":"binary-expr","locations":[{"start":{"line":41,"column":16},"end":{"line":41,"column":44}},{"start":{"line":41,"column":48},"end":{"line":41,"column":53}}]},"5":{"line":45,"type":"if","locations":[{"start":{"line":45,"column":8},"end":{"line":45,"column":8}},{"start":{"line":45,"column":8},"end":{"line":45,"column":8}}]}},"code":["/* istanbul instrument in package npmtest_bhttp */","/*jslint","    bitwise: true,","    browser: true,","    maxerr: 8,","    maxlen: 96,","    node: true,","    nomen: true,","    regexp: true,","    stupid: true","*/","(function () {","    'use strict';","    var local;","","","","    // run shared js-env code - init-before","    (function () {","        // init local","        local = {};","        // init modeJs","        local.modeJs = (function () {","            try {","                return typeof navigator.userAgent === 'string' &&","                    typeof document.querySelector('body') === 'object' &&","                    typeof XMLHttpRequest.prototype.open === 'function' &&","                    'browser';","            } catch (errorCaughtBrowser) {","                return module.exports &&","                    typeof process.versions.node === 'string' &&","                    typeof require('http').createServer === 'function' &&","                    'node';","            }","        }());","        // init global","        local.global = local.modeJs === 'browser'","            ? window","            : global;","        // init utility2_rollup","        local = local.global.utility2_rollup || local;","        // init lib","        local.local = local.npmtest_bhttp = local;","        // init exports","        if (local.modeJs === 'browser') {","            local.global.utility2_npmtest_bhttp = local;","        } else {","            module.exports = local;","            module.exports.__dirname = __dirname;","            module.exports.module = module;","        }","    }());","}());",""],"l":{"12":2,"14":2,"19":2,"21":2,"23":2,"24":2,"25":2,"30":1,"37":2,"41":2,"43":2,"45":2,"46":1,"48":1,"49":1,"50":1}},"/home/travis/build/npmtest/node-npmtest-bhttp/example.js":{"path":"/home/travis/build/npmtest/node-npmtest-bhttp/example.js","s":{"1":2,"2":2,"3":2,"4":2,"5":2,"6":2,"7":2,"8":1,"9":2,"10":2,"11":2,"12":2,"13":1,"14":2,"15":2,"16":2,"17":2,"18":2,"19":0,"20":2,"21":1,"22":1,"23":1,"24":1,"25":1,"26":0,"27":0,"28":1,"29":1,"30":2,"31":0,"32":0,"33":0,"34":1,"35":2,"36":2,"37":3,"38":3,"39":3,"40":3,"41":0,"42":3,"43":3,"44":3,"45":1,"46":3,"47":1,"48":1,"49":1,"50":1,"51":1,"52":1,"53":1,"54":1,"55":1,"56":1,"57":0,"58":1,"59":6,"60":6,"61":1,"62":2,"63":0,"64":2,"65":1,"66":1,"67":0,"68":0,"69":0,"70":0,"71":0,"72":0,"73":0,"74":0,"75":0,"76":0,"77":0,"78":0,"79":0,"80":0,"81":0,"82":0,"83":0},"b":{"1":[2,1,1,1],"2":[1,1,1,1],"3":[1,1],"4":[2,2],"5":[1,1],"6":[1,1],"7":[2,0],"8":[2,1,1,1,1,1],"9":[0,2,0],"10":[1,1],"11":[2,1,1],"12":[1,0],"13":[0,2],"14":[2,0,0,0,0,0,0],"15":[0,3],"16":[3,0],"17":[1,1],"18":[0,1],"19":[1,2,0,2],"20":[1,0],"21":[1,1],"22":[0,0],"23":[0,0],"24":[0,0],"25":[0,0],"26":[0,0],"27":[0,0],"28":[0,0]},"f":{"1":2,"2":2,"3":2,"4":2,"5":2,"6":2,"7":3,"8":3,"9":3,"10":1,"11":6,"12":0},"fnMap":{"1":{"name":"(anonymous_1)","line":26,"loc":{"start":{"line":26,"column":1},"end":{"line":26,"column":13}}},"2":{"name":"(anonymous_2)","line":33,"loc":{"start":{"line":33,"column":5},"end":{"line":33,"column":17}}},"3":{"name":"(anonymous_3)","line":37,"loc":{"start":{"line":37,"column":24},"end":{"line":37,"column":36}}},"4":{"name":"(anonymous_4)","line":69,"loc":{"start":{"line":69,"column":31},"end":{"line":69,"column":48}},"skip":true},"5":{"name":"(anonymous_5)","line":78,"loc":{"start":{"line":78,"column":26},"end":{"line":78,"column":45}},"skip":true},"6":{"name":"(anonymous_6)","line":123,"loc":{"start":{"line":123,"column":33},"end":{"line":123,"column":48}},"skip":true},"7":{"name":"(anonymous_7)","line":125,"loc":{"start":{"line":125,"column":27},"end":{"line":125,"column":39}},"skip":true},"8":{"name":"(anonymous_8)","line":133,"loc":{"start":{"line":133,"column":59},"end":{"line":133,"column":74}},"skip":true},"9":{"name":"(anonymous_9)","line":143,"loc":{"start":{"line":143,"column":45},"end":{"line":143,"column":62}},"skip":true},"10":{"name":"(anonymous_10)","line":144,"loc":{"start":{"line":144,"column":73},"end":{"line":144,"column":92}},"skip":true},"11":{"name":"(anonymous_11)","line":272,"loc":{"start":{"line":272,"column":51},"end":{"line":272,"column":77}},"skip":true},"12":{"name":"(anonymous_12)","line":315,"loc":{"start":{"line":315,"column":32},"end":{"line":315,"column":61}},"skip":true}},"statementMap":{"1":{"start":{"line":26,"column":0},"end":{"line":326,"column":5}},"2":{"start":{"line":28,"column":4},"end":{"line":28,"column":14}},"3":{"start":{"line":33,"column":4},"end":{"line":60,"column":9}},"4":{"start":{"line":35,"column":8},"end":{"line":35,"column":19}},"5":{"start":{"line":37,"column":8},"end":{"line":49,"column":13}},"6":{"start":{"line":38,"column":12},"end":{"line":48,"column":13}},"7":{"start":{"line":39,"column":16},"end":{"line":42,"column":30}},"8":{"start":{"line":44,"column":16},"end":{"line":47,"column":27}},"9":{"start":{"line":51,"column":8},"end":{"line":53,"column":21}},"10":{"start":{"line":55,"column":8},"end":{"line":57,"column":45}},"11":{"start":{"line":59,"column":8},"end":{"line":59,"column":35}},"12":{"start":{"line":61,"column":4},"end":{"line":325,"column":5}},"13":{"start":{"line":69,"column":8},"end":{"line":121,"column":10},"skip":true},"14":{"start":{"line":70,"column":12},"end":{"line":88,"column":13},"skip":true},"15":{"start":{"line":76,"column":16},"end":{"line":87,"column":19},"skip":true},"16":{"start":{"line":79,"column":20},"end":{"line":86,"column":21},"skip":true},"17":{"start":{"line":82,"column":24},"end":{"line":82,"column":43},"skip":true},"18":{"start":{"line":83,"column":24},"end":{"line":83,"column":30},"skip":true},"19":{"start":{"line":85,"column":24},"end":{"line":85,"column":49},"skip":true},"20":{"start":{"line":89,"column":12},"end":{"line":107,"column":13},"skip":true},"21":{"start":{"line":92,"column":16},"end":{"line":102,"column":17},"skip":true},"22":{"start":{"line":93,"column":20},"end":{"line":93,"column":86},"skip":true},"23":{"start":{"line":94,"column":20},"end":{"line":95,"column":45},"skip":true},"24":{"start":{"line":96,"column":20},"end":{"line":96,"column":42},"skip":true},"25":{"start":{"line":97,"column":20},"end":{"line":97,"column":48},"skip":true},"26":{"start":{"line":100,"column":20},"end":{"line":100,"column":85},"skip":true},"27":{"start":{"line":101,"column":20},"end":{"line":101,"column":96},"skip":true},"28":{"start":{"line":103,"column":16},"end":{"line":103,"column":22},"skip":true},"29":{"start":{"line":106,"column":16},"end":{"line":106,"column":22},"skip":true},"30":{"start":{"line":108,"column":12},"end":{"line":120,"column":13},"skip":true},"31":{"start":{"line":114,"column":16},"end":{"line":119,"column":17},"skip":true},"32":{"start":{"line":116,"column":20},"end":{"line":116,"column":78},"skip":true},"33":{"start":{"line":118,"column":20},"end":{"line":118,"column":47},"skip":true},"34":{"start":{"line":123,"column":8},"end":{"line":141,"column":11},"skip":true},"35":{"start":{"line":124,"column":12},"end":{"line":124,"column":54},"skip":true},"36":{"start":{"line":125,"column":12},"end":{"line":140,"column":14},"skip":true},"37":{"start":{"line":126,"column":16},"end":{"line":126,"column":28},"skip":true},"38":{"start":{"line":127,"column":16},"end":{"line":127,"column":69},"skip":true},"39":{"start":{"line":128,"column":16},"end":{"line":128,"column":75},"skip":true},"40":{"start":{"line":129,"column":16},"end":{"line":131,"column":17},"skip":true},"41":{"start":{"line":130,"column":20},"end":{"line":130,"column":27},"skip":true},"42":{"start":{"line":133,"column":16},"end":{"line":137,"column":36},"skip":true},"43":{"start":{"line":134,"column":20},"end":{"line":136,"column":55},"skip":true},"44":{"start":{"line":139,"column":16},"end":{"line":139,"column":57},"skip":true},"45":{"start":{"line":143,"column":8},"end":{"line":147,"column":11},"skip":true},"46":{"start":{"line":144,"column":12},"end":{"line":146,"column":15},"skip":true},"47":{"start":{"line":145,"column":16},"end":{"line":145,"column":70},"skip":true},"48":{"start":{"line":149,"column":8},"end":{"line":149,"column":31},"skip":true},"49":{"start":{"line":150,"column":8},"end":{"line":150,"column":14},"skip":true},"50":{"start":{"line":158,"column":8},"end":{"line":158,"column":31},"skip":true},"51":{"start":{"line":160,"column":8},"end":{"line":160,"column":33},"skip":true},"52":{"start":{"line":161,"column":8},"end":{"line":161,"column":37},"skip":true},"53":{"start":{"line":162,"column":8},"end":{"line":162,"column":35},"skip":true},"54":{"start":{"line":164,"column":8},"end":{"line":164,"column":50},"skip":true},"55":{"start":{"line":166,"column":8},"end":{"line":256,"column":2},"skip":true},"56":{"start":{"line":258,"column":8},"end":{"line":286,"column":9},"skip":true},"57":{"start":{"line":259,"column":12},"end":{"line":269,"column":14},"skip":true},"58":{"start":{"line":271,"column":12},"end":{"line":285,"column":19},"skip":true},"59":{"start":{"line":274,"column":20},"end":{"line":274,"column":35},"skip":true},"60":{"start":{"line":275,"column":20},"end":{"line":284,"column":21},"skip":true},"61":{"start":{"line":277,"column":24},"end":{"line":277,"column":64},"skip":true},"62":{"start":{"line":279,"column":24},"end":{"line":279,"column":40},"skip":true},"63":{"start":{"line":281,"column":24},"end":{"line":281,"column":40},"skip":true},"64":{"start":{"line":283,"column":24},"end":{"line":283,"column":39},"skip":true},"65":{"start":{"line":288,"column":8},"end":{"line":290,"column":9},"skip":true},"66":{"start":{"line":289,"column":12},"end":{"line":289,"column":18},"skip":true},"67":{"start":{"line":291,"column":8},"end":{"line":293,"column":54},"skip":true},"68":{"start":{"line":296,"column":8},"end":{"line":301,"column":37},"skip":true},"69":{"start":{"line":303,"column":8},"end":{"line":303,"column":82},"skip":true},"70":{"start":{"line":306,"column":8},"end":{"line":308,"column":9},"skip":true},"71":{"start":{"line":307,"column":12},"end":{"line":307,"column":82},"skip":true},"72":{"start":{"line":310,"column":8},"end":{"line":312,"column":9},"skip":true},"73":{"start":{"line":311,"column":12},"end":{"line":311,"column":18},"skip":true},"74":{"start":{"line":313,"column":8},"end":{"line":313,"column":54},"skip":true},"75":{"start":{"line":314,"column":8},"end":{"line":314,"column":69},"skip":true},"76":{"start":{"line":315,"column":8},"end":{"line":323,"column":36},"skip":true},"77":{"start":{"line":316,"column":12},"end":{"line":316,"column":61},"skip":true},"78":{"start":{"line":317,"column":12},"end":{"line":320,"column":13},"skip":true},"79":{"start":{"line":318,"column":16},"end":{"line":318,"column":75},"skip":true},"80":{"start":{"line":319,"column":16},"end":{"line":319,"column":23},"skip":true},"81":{"start":{"line":321,"column":12},"end":{"line":321,"column":38},"skip":true},"82":{"start":{"line":322,"column":12},"end":{"line":322,"column":27},"skip":true},"83":{"start":{"line":324,"column":8},"end":{"line":324,"column":14},"skip":true}},"branchMap":{"1":{"line":39,"type":"binary-expr","locations":[{"start":{"line":39,"column":23},"end":{"line":39,"column":62}},{"start":{"line":40,"column":20},"end":{"line":40,"column":70}},{"start":{"line":41,"column":20},"end":{"line":41,"column":71}},{"start":{"line":42,"column":20},"end":{"line":42,"column":29}}]},"2":{"line":44,"type":"binary-expr","locations":[{"start":{"line":44,"column":23},"end":{"line":44,"column":37}},{"start":{"line":45,"column":20},"end":{"line":45,"column":61}},{"start":{"line":46,"column":20},"end":{"line":46,"column":70}},{"start":{"line":47,"column":20},"end":{"line":47,"column":26}}]},"3":{"line":51,"type":"cond-expr","locations":[{"start":{"line":52,"column":14},"end":{"line":52,"column":20}},{"start":{"line":53,"column":14},"end":{"line":53,"column":20}}]},"4":{"line":55,"type":"binary-expr","locations":[{"start":{"line":55,"column":16},"end":{"line":55,"column":44}},{"start":{"line":55,"column":49},"end":{"line":57,"column":43}}]},"5":{"line":55,"type":"cond-expr","locations":[{"start":{"line":56,"column":14},"end":{"line":56,"column":49}},{"start":{"line":57,"column":14},"end":{"line":57,"column":43}}]},"6":{"line":61,"type":"switch","locations":[{"start":{"line":68,"column":4},"end":{"line":150,"column":14},"skip":true},{"start":{"line":156,"column":4},"end":{"line":324,"column":14},"skip":true}]},"7":{"line":70,"type":"if","locations":[{"start":{"line":70,"column":12},"end":{"line":70,"column":12},"skip":true},{"start":{"line":70,"column":12},"end":{"line":70,"column":12},"skip":true}]},"8":{"line":70,"type":"binary-expr","locations":[{"start":{"line":70,"column":16},"end":{"line":70,"column":22},"skip":true},{"start":{"line":70,"column":27},"end":{"line":70,"column":32},"skip":true},{"start":{"line":71,"column":20},"end":{"line":71,"column":39},"skip":true},{"start":{"line":72,"column":20},"end":{"line":72,"column":49},"skip":true},{"start":{"line":73,"column":20},"end":{"line":73,"column":58},"skip":true},{"start":{"line":74,"column":20},"end":{"line":74,"column":69},"skip":true}]},"9":{"line":79,"type":"switch","locations":[{"start":{"line":80,"column":20},"end":{"line":80,"column":33},"skip":true},{"start":{"line":81,"column":20},"end":{"line":83,"column":30},"skip":true},{"start":{"line":84,"column":20},"end":{"line":85,"column":49},"skip":true}]},"10":{"line":89,"type":"switch","locations":[{"start":{"line":90,"column":12},"end":{"line":103,"column":22},"skip":true},{"start":{"line":105,"column":12},"end":{"line":106,"column":22},"skip":true}]},"11":{"line":89,"type":"binary-expr","locations":[{"start":{"line":89,"column":20},"end":{"line":89,"column":25},"skip":true},{"start":{"line":89,"column":29},"end":{"line":89,"column":48},"skip":true},{"start":{"line":89,"column":52},"end":{"line":89,"column":74},"skip":true}]},"12":{"line":92,"type":"if","locations":[{"start":{"line":92,"column":16},"end":{"line":92,"column":16},"skip":true},{"start":{"line":92,"column":16},"end":{"line":92,"column":16},"skip":true}]},"13":{"line":108,"type":"if","locations":[{"start":{"line":108,"column":12},"end":{"line":108,"column":12},"skip":true},{"start":{"line":108,"column":12},"end":{"line":108,"column":12},"skip":true}]},"14":{"line":108,"type":"binary-expr","locations":[{"start":{"line":108,"column":16},"end":{"line":108,"column":61},"skip":true},{"start":{"line":108,"column":66},"end":{"line":108,"column":72},"skip":true},{"start":{"line":108,"column":77},"end":{"line":108,"column":82},"skip":true},{"start":{"line":109,"column":20},"end":{"line":109,"column":39},"skip":true},{"start":{"line":110,"column":20},"end":{"line":110,"column":49},"skip":true},{"start":{"line":111,"column":20},"end":{"line":111,"column":58},"skip":true},{"start":{"line":112,"column":20},"end":{"line":112,"column":68},"skip":true}]},"15":{"line":129,"type":"if","locations":[{"start":{"line":129,"column":16},"end":{"line":129,"column":16},"skip":true},{"start":{"line":129,"column":16},"end":{"line":129,"column":16},"skip":true}]},"16":{"line":134,"type":"cond-expr","locations":[{"start":{"line":135,"column":26},"end":{"line":135,"column":29},"skip":true},{"start":{"line":136,"column":26},"end":{"line":136,"column":54},"skip":true}]},"17":{"line":164,"type":"binary-expr","locations":[{"start":{"line":164,"column":27},"end":{"line":164,"column":43},"skip":true},{"start":{"line":164,"column":47},"end":{"line":164,"column":49},"skip":true}]},"18":{"line":258,"type":"if","locations":[{"start":{"line":258,"column":8},"end":{"line":258,"column":8},"skip":true},{"start":{"line":258,"column":8},"end":{"line":258,"column":8},"skip":true}]},"19":{"line":275,"type":"switch","locations":[{"start":{"line":276,"column":20},"end":{"line":277,"column":64},"skip":true},{"start":{"line":278,"column":20},"end":{"line":279,"column":40},"skip":true},{"start":{"line":280,"column":20},"end":{"line":281,"column":40},"skip":true},{"start":{"line":282,"column":20},"end":{"line":283,"column":39},"skip":true}]},"20":{"line":288,"type":"if","locations":[{"start":{"line":288,"column":8},"end":{"line":288,"column":8},"skip":true},{"start":{"line":288,"column":8},"end":{"line":288,"column":8},"skip":true}]},"21":{"line":288,"type":"binary-expr","locations":[{"start":{"line":288,"column":12},"end":{"line":288,"column":40},"skip":true},{"start":{"line":288,"column":44},"end":{"line":288,"column":67},"skip":true}]},"22":{"line":292,"type":"binary-expr","locations":[{"start":{"line":292,"column":12},"end":{"line":292,"column":50},"skip":true},{"start":{"line":293,"column":12},"end":{"line":293,"column":53},"skip":true}]},"23":{"line":297,"type":"binary-expr","locations":[{"start":{"line":297,"column":12},"end":{"line":297,"column":63},"skip":true},{"start":{"line":298,"column":12},"end":{"line":301,"column":36},"skip":true}]},"24":{"line":303,"type":"binary-expr","locations":[{"start":{"line":303,"column":43},"end":{"line":303,"column":75},"skip":true},{"start":{"line":303,"column":79},"end":{"line":303,"column":81},"skip":true}]},"25":{"line":306,"type":"if","locations":[{"start":{"line":306,"column":8},"end":{"line":306,"column":8},"skip":true},{"start":{"line":306,"column":8},"end":{"line":306,"column":8},"skip":true}]},"26":{"line":310,"type":"if","locations":[{"start":{"line":310,"column":8},"end":{"line":310,"column":8},"skip":true},{"start":{"line":310,"column":8},"end":{"line":310,"column":8},"skip":true}]},"27":{"line":313,"type":"binary-expr","locations":[{"start":{"line":313,"column":27},"end":{"line":313,"column":43},"skip":true},{"start":{"line":313,"column":47},"end":{"line":313,"column":53},"skip":true}]},"28":{"line":317,"type":"if","locations":[{"start":{"line":317,"column":12},"end":{"line":317,"column":12},"skip":true},{"start":{"line":317,"column":12},"end":{"line":317,"column":12},"skip":true}]}},"code":["/*","example.js","","quickstart example","","instruction","    1. save this script as example.js","    2. run the shell command:","        $ npm install npmtest-bhttp && PORT=8081 node example.js","    3. play with the browser-demo on http://127.0.0.1:8081","*/","","","","/* istanbul instrument in package npmtest_bhttp */","/*jslint","    bitwise: true,","    browser: true,","    maxerr: 8,","    maxlen: 96,","    node: true,","    nomen: true,","    regexp: true,","    stupid: true","*/","(function () {","    'use strict';","    var local;","","","","    // run shared js-env code - init-before","    (function () {","        // init local","        local = {};","        // init modeJs","        local.modeJs = (function () {","            try {","                return typeof navigator.userAgent === 'string' &&","                    typeof document.querySelector('body') === 'object' &&","                    typeof XMLHttpRequest.prototype.open === 'function' &&","                    'browser';","            } catch (errorCaughtBrowser) {","                return module.exports &&","                    typeof process.versions.node === 'string' &&","                    typeof require('http').createServer === 'function' &&","                    'node';","            }","        }());","        // init global","        local.global = local.modeJs === 'browser'","            ? window","            : global;","        // init utility2_rollup","        local = local.global.utility2_rollup || (local.modeJs === 'browser'","            ? local.global.utility2_npmtest_bhttp","            : global.utility2_moduleExports);","        // export local","        local.global.local = local;","    }());","    switch (local.modeJs) {","","","","    // init-after","    // run browser js-env code - init-after","    /* istanbul ignore next */","    case 'browser':","        local.testRunBrowser = function (event) {","            if (!event || (event &&","                    event.currentTarget &&","                    event.currentTarget.className &&","                    event.currentTarget.className.includes &&","                    event.currentTarget.className.includes('onreset'))) {","                // reset output","                Array.from(","                    document.querySelectorAll('body > .resettable')","                ).forEach(function (element) {","                    switch (element.tagName) {","                    case 'INPUT':","                    case 'TEXTAREA':","                        element.value = '';","                        break;","                    default:","                        element.textContent = '';","                    }","                });","            }","            switch (event && event.currentTarget && event.currentTarget.id) {","            case 'testRunButton1':","                // show tests","                if (document.querySelector('#testReportDiv1').style.display === 'none') {","                    document.querySelector('#testReportDiv1').style.display = 'block';","                    document.querySelector('#testRunButton1').textContent =","                        'hide internal test';","                    local.modeTest = true;","                    local.testRunDefault(local);","                // hide tests","                } else {","                    document.querySelector('#testReportDiv1').style.display = 'none';","                    document.querySelector('#testRunButton1').textContent = 'run internal test';","                }","                break;","            // custom-case","            default:","                break;","            }","            if (document.querySelector('#inputTextareaEval1') && (!event || (event &&","                    event.currentTarget &&","                    event.currentTarget.className &&","                    event.currentTarget.className.includes &&","                    event.currentTarget.className.includes('oneval')))) {","                // try to eval input-code","                try {","                    /*jslint evil: true*/","                    eval(document.querySelector('#inputTextareaEval1').value);","                } catch (errorCaught) {","                    console.error(errorCaught);","                }","            }","        };","        // log stderr and stdout to #outputTextareaStdout1","        ['error', 'log'].forEach(function (key) {","            console[key + '_original'] = console[key];","            console[key] = function () {","                var element;","                console[key + '_original'].apply(console, arguments);","                element = document.querySelector('#outputTextareaStdout1');","                if (!element) {","                    return;","                }","                // append text to #outputTextareaStdout1","                element.value += Array.from(arguments).map(function (arg) {","                    return typeof arg === 'string'","                        ? arg","                        : JSON.stringify(arg, null, 4);","                }).join(' ') + '\\n';","                // scroll textarea to bottom","                element.scrollTop = element.scrollHeight;","            };","        });","        // init event-handling","        ['change', 'click', 'keyup'].forEach(function (event) {","            Array.from(document.querySelectorAll('.on' + event)).forEach(function (element) {","                element.addEventListener(event, local.testRunBrowser);","            });","        });","        // run tests","        local.testRunBrowser();","        break;","","","","    // run node js-env code - init-after","    /* istanbul ignore next */","    case 'node':","        // export local","        module.exports = local;","        // require modules","        local.fs = require('fs');","        local.http = require('http');","        local.url = require('url');","        // init assets","        local.assetsDict = local.assetsDict || {};","        /* jslint-ignore-begin */","        local.assetsDict['/assets.index.template.html'] = '\\","<!doctype html>\\n\\","<html lang=\"en\">\\n\\","<head>\\n\\","<meta charset=\"UTF-8\">\\n\\","<meta name=\"viewport\" content=\"width=device-width, initial-scale=1\">\\n\\","<title>{{env.npm_package_name}} (v{{env.npm_package_version}})</title>\\n\\","<style>\\n\\","/*csslint\\n\\","    box-sizing: false,\\n\\","    universal-selector: false\\n\\","*/\\n\\","* {\\n\\","    box-sizing: border-box;\\n\\","}\\n\\","body {\\n\\","    background: #dde;\\n\\","    font-family: Arial, Helvetica, sans-serif;\\n\\","    margin: 2rem;\\n\\","}\\n\\","body > * {\\n\\","    margin-bottom: 1rem;\\n\\","}\\n\\",".utility2FooterDiv {\\n\\","    margin-top: 20px;\\n\\","    text-align: center;\\n\\","}\\n\\","</style>\\n\\","<style>\\n\\","/*csslint\\n\\","*/\\n\\","textarea {\\n\\","    font-family: monospace;\\n\\","    height: 10rem;\\n\\","    width: 100%;\\n\\","}\\n\\","textarea[readonly] {\\n\\","    background: #ddd;\\n\\","}\\n\\","</style>\\n\\","</head>\\n\\","<body>\\n\\","<!-- utility2-comment\\n\\","<div id=\"ajaxProgressDiv1\" style=\"background: #d00; height: 2px; left: 0; margin: 0; padding: 0; position: fixed; top: 0; transition: background 0.5s, width 1.5s; width: 25%;\"></div>\\n\\","utility2-comment -->\\n\\","<h1>\\n\\","<!-- utility2-comment\\n\\","    <a\\n\\","        {{#if env.npm_package_homepage}}\\n\\","        href=\"{{env.npm_package_homepage}}\"\\n\\","        {{/if env.npm_package_homepage}}\\n\\","        target=\"_blank\"\\n\\","    >\\n\\","utility2-comment -->\\n\\","        {{env.npm_package_name}} (v{{env.npm_package_version}})\\n\\","<!-- utility2-comment\\n\\","    </a>\\n\\","utility2-comment -->\\n\\","</h1>\\n\\","<h3>{{env.npm_package_description}}</h3>\\n\\","<!-- utility2-comment\\n\\","<h4><a download href=\"assets.app.js\">download standalone app</a></h4>\\n\\","<button class=\"onclick onreset\" id=\"testRunButton1\">run internal test</button><br>\\n\\","<div id=\"testReportDiv1\" style=\"display: none;\"></div>\\n\\","utility2-comment -->\\n\\","\\n\\","\\n\\","\\n\\","<label>stderr and stdout</label>\\n\\","<textarea class=\"resettable\" id=\"outputTextareaStdout1\" readonly></textarea>\\n\\","<!-- utility2-comment\\n\\","{{#if isRollup}}\\n\\","<script src=\"assets.app.js\"></script>\\n\\","{{#unless isRollup}}\\n\\","utility2-comment -->\\n\\","<script src=\"assets.utility2.rollup.js\"></script>\\n\\","<script src=\"jsonp.utility2._stateInit?callback=window.utility2._stateInit\"></script>\\n\\","<script src=\"assets.npmtest_bhttp.rollup.js\"></script>\\n\\","<script src=\"assets.example.js\"></script>\\n\\","<script src=\"assets.test.js\"></script>\\n\\","<!-- utility2-comment\\n\\","{{/if isRollup}}\\n\\","utility2-comment -->\\n\\","<div class=\"utility2FooterDiv\">\\n\\","    [ this app was created with\\n\\","    <a href=\"https://github.com/kaizhu256/node-utility2\" target=\"_blank\">utility2</a>\\n\\","    ]\\n\\","</div>\\n\\","</body>\\n\\","</html>\\n\\","';","        /* jslint-ignore-end */","        if (local.templateRender) {","            local.assetsDict['/'] = local.templateRender(","                local.assetsDict['/assets.index.template.html'],","                {","                    env: local.objectSetDefault(local.env, {","                        npm_package_description: 'the greatest app in the world!',","                        npm_package_name: 'my-app',","                        npm_package_nameAlias: 'my_app',","                        npm_package_version: '0.0.1'","                    })","                }","            );","        } else {","            local.assetsDict['/'] = local.assetsDict['/assets.index.template.html']","                .replace((/\\{\\{env\\.(\\w+?)\\}\\}/g), function (match0, match1) {","                    // jslint-hack","                    String(match0);","                    switch (match1) {","                    case 'npm_package_description':","                        return 'the greatest app in the world!';","                    case 'npm_package_name':","                        return 'my-app';","                    case 'npm_package_nameAlias':","                        return 'my_app';","                    case 'npm_package_version':","                        return '0.0.1';","                    }","                });","        }","        // run the cli","        if (local.global.utility2_rollup || module !== require.main) {","            break;","        }","        local.assetsDict['/assets.example.js'] =","            local.assetsDict['/assets.example.js'] ||","            local.fs.readFileSync(__filename, 'utf8');","        // bug-workaround - long $npm_package_buildCustomOrg","        /* jslint-ignore-begin */","        local.assetsDict['/assets.npmtest_bhttp.rollup.js'] =","            local.assetsDict['/assets.npmtest_bhttp.rollup.js'] ||","            local.fs.readFileSync(","                local.npmtest_bhttp.__dirname + '/lib.npmtest_bhttp.js',","                'utf8'","            ).replace((/^#!/), '//');","        /* jslint-ignore-end */","        local.assetsDict['/favicon.ico'] = local.assetsDict['/favicon.ico'] || '';","        // if $npm_config_timeout_exit exists,","        // then exit this process after $npm_config_timeout_exit ms","        if (Number(process.env.npm_config_timeout_exit)) {","            setTimeout(process.exit, Number(process.env.npm_config_timeout_exit));","        }","        // start server","        if (local.global.utility2_serverHttp1) {","            break;","        }","        process.env.PORT = process.env.PORT || '8081';","        console.error('server starting on port ' + process.env.PORT);","        local.http.createServer(function (request, response) {","            request.urlParsed = local.url.parse(request.url);","            if (local.assetsDict[request.urlParsed.pathname] !== undefined) {","                response.end(local.assetsDict[request.urlParsed.pathname]);","                return;","            }","            response.statusCode = 404;","            response.end();","        }).listen(process.env.PORT);","        break;","    }","}());",""],"l":{"26":2,"28":2,"33":2,"35":2,"37":2,"38":2,"39":2,"44":1,"51":2,"55":2,"59":2,"61":2,"69":1,"70":2,"76":2,"79":2,"82":2,"83":2,"85":1,"89":2,"92":1,"93":1,"94":1,"96":1,"97":1,"100":1,"101":1,"103":1,"106":1,"108":2,"114":1,"116":1,"118":1,"123":1,"124":2,"125":2,"126":3,"127":3,"128":3,"129":3,"130":1,"133":3,"134":3,"139":3,"143":1,"144":3,"145":1,"149":1,"150":1,"158":1,"160":1,"161":1,"162":1,"164":1,"166":1,"258":1,"259":1,"271":1,"274":6,"275":6,"277":1,"279":2,"281":1,"283":2,"288":1,"289":1,"291":1,"296":1,"303":1,"306":1,"307":1,"310":1,"311":1,"313":1,"314":1,"315":1,"316":1,"317":1,"318":1,"319":1,"321":1,"322":1,"324":1}},"/home/travis/build/npmtest/node-npmtest-bhttp/node_modules/bhttp/index.js":{"path":"/home/travis/build/npmtest/node-npmtest-bhttp/node_modules/bhttp/index.js","s":{"1":1},"b":{},"f":{},"fnMap":{},"statementMap":{"1":{"start":{"line":1,"column":0},"end":{"line":1,"column":40}}},"branchMap":{},"code":["module.exports = require(\"./lib/bhttp\");",""],"l":{"1":1}},"/home/travis/build/npmtest/node-npmtest-bhttp/node_modules/bhttp/lib/bhttp.js":{"path":"/home/travis/build/npmtest/node-npmtest-bhttp/node_modules/bhttp/lib/bhttp.js","s":{"1":1,"2":1,"3":1,"4":1,"5":1,"6":1,"7":1,"8":1,"9":1,"10":1,"11":1,"12":1,"13":1,"14":1,"15":1,"16":1,"17":1,"18":1,"19":1,"20":1,"21":1,"22":1,"23":1,"24":1,"25":1,"26":1,"27":1,"28":1,"29":1,"30":1,"31":1,"32":1,"33":1,"34":0,"35":0,"36":0,"37":0,"38":0,"39":0,"40":1,"41":0,"42":0,"43":0,"44":0,"45":1,"46":0,"47":1,"48":0,"49":0,"50":0,"51":0,"52":0,"53":0,"54":0,"55":0,"56":0,"57":0,"58":0,"59":0,"60":0,"61":0,"62":0,"63":0,"64":1,"65":0,"66":0,"67":0,"68":0,"69":0,"70":0,"71":0,"72":0,"73":0,"74":0,"75":0,"76":0,"77":1,"78":0,"79":0,"80":0,"81":0,"82":0,"83":0,"84":0,"85":0,"86":1,"87":0,"88":0,"89":0,"90":0,"91":0,"92":0,"93":0,"94":0,"95":0,"96":0,"97":0,"98":0,"99":0,"100":0,"101":0,"102":0,"103":1,"104":0,"105":0,"106":0,"107":0,"108":0,"109":0,"110":0,"111":0,"112":0,"113":0,"114":0,"115":1,"116":0,"117":0,"118":0,"119":0,"120":0,"121":0,"122":0,"123":0,"124":0,"125":0,"126":0,"127":0,"128":0,"129":0,"130":0,"131":0,"132":0,"133":0,"134":0,"135":0,"136":0,"137":0,"138":0,"139":0,"140":0,"141":0,"142":0,"143":0,"144":0,"145":0,"146":0,"147":0,"148":0,"149":0,"150":0,"151":0,"152":0,"153":0,"154":0,"155":0,"156":0,"157":0,"158":0,"159":0,"160":0,"161":0,"162":0,"163":0,"164":0,"165":0,"166":0,"167":0,"168":0,"169":0,"170":0,"171":0,"172":0,"173":0,"174":0,"175":0,"176":0,"177":0,"178":0,"179":0,"180":0,"181":0,"182":0,"183":0,"184":0,"185":0,"186":1,"187":0,"188":0,"189":0,"190":0,"191":0,"192":0,"193":0,"194":0,"195":0,"196":0,"197":0,"198":0,"199":0,"200":0,"201":1,"202":1,"203":1,"204":1,"205":1,"206":1,"207":1,"208":7,"209":0,"210":1,"211":1,"212":0,"213":0,"214":0,"215":0,"216":0,"217":0,"218":0,"219":0,"220":0,"221":0,"222":0,"223":0,"224":0,"225":0,"226":0,"227":0,"228":0,"229":0,"230":0,"231":0,"232":0,"233":0,"234":0,"235":0,"236":0,"237":0,"238":0,"239":0,"240":0,"241":0,"242":0,"243":0,"244":0,"245":0,"246":0,"247":0,"248":0,"249":0,"250":0,"251":0,"252":0,"253":0,"254":0,"255":0,"256":0,"257":0,"258":0,"259":1,"260":0,"261":0,"262":0,"263":0,"264":0,"265":0,"266":0,"267":0,"268":0,"269":0,"270":0,"271":0,"272":0,"273":0,"274":0,"275":0,"276":0,"277":0,"278":0,"279":0,"280":0,"281":0,"282":0,"283":0,"284":0,"285":0,"286":0,"287":0,"288":0,"289":0,"290":0,"291":0,"292":0,"293":0,"294":0,"295":0,"296":0,"297":0,"298":0,"299":0,"300":0,"301":0,"302":0,"303":0,"304":0,"305":0,"306":0,"307":0,"308":0,"309":0,"310":0,"311":0,"312":0,"313":0,"314":0,"315":0,"316":0,"317":0,"318":0,"319":0,"320":0,"321":0,"322":0,"323":0,"324":0,"325":0,"326":0,"327":0,"328":0,"329":0,"330":0,"331":0,"332":0,"333":0,"334":0,"335":0,"336":0,"337":1,"338":0,"339":0,"340":0,"341":0,"342":0,"343":0,"344":1,"345":0,"346":0,"347":0,"348":0,"349":0,"350":0,"351":0,"352":0,"353":0,"354":0,"355":1,"356":0,"357":0,"358":0,"359":0,"360":0,"361":1,"362":0,"363":0,"364":0,"365":0,"366":0,"367":1,"368":0,"369":0,"370":0,"371":0,"372":0,"373":0,"374":0,"375":0,"376":0,"377":0,"378":0,"379":0,"380":0,"381":1,"382":0,"383":0,"384":0,"385":0,"386":1,"387":0,"388":1,"389":1,"390":0,"391":0,"392":0,"393":0,"394":0,"395":0,"396":0,"397":0,"398":0,"399":0,"400":0,"401":0,"402":0,"403":0,"404":0,"405":0,"406":1,"407":0,"408":1,"409":1,"410":1,"411":1,"412":1,"413":1,"414":1,"415":1,"416":1,"417":1,"418":1,"419":1,"420":0,"421":0,"422":0,"423":0,"424":0,"425":0,"426":0,"427":0,"428":0,"429":0,"430":0,"431":0,"432":0,"433":0,"434":0,"435":0,"436":0,"437":0,"438":0,"439":0,"440":0,"441":0,"442":0,"443":0,"444":0,"445":0,"446":1,"447":1},"b":{"1":[0,0],"2":[0,0,0],"3":[0,0],"4":[0,0],"5":[0,0],"6":[0,0],"7":[0,0],"8":[0,0],"9":[0,0],"10":[0,0],"11":[0,0],"12":[0,0],"13":[0,0],"14":[0,0],"15":[0,0],"16":[0,0],"17":[0,0],"18":[0,0,0],"19":[0,0],"20":[0,0],"21":[0,0],"22":[0,0],"23":[0,0,0,0],"24":[0,0],"25":[0,0,0],"26":[0,0],"27":[0,0],"28":[0,0],"29":[0,0],"30":[0,0],"31":[0,0],"32":[0,0],"33":[0,0],"34":[0,0,0],"35":[0,0],"36":[0,0,0],"37":[0,0],"38":[0,0],"39":[0,0],"40":[0,0],"41":[0,0],"42":[0,0],"43":[0,0],"44":[0,0],"45":[0,0],"46":[0,0],"47":[0,0],"48":[0,0,0],"49":[0,0],"50":[0,0],"51":[0,0],"52":[0,0],"53":[0,0],"54":[0,0],"55":[0,0],"56":[0,0],"57":[0,0],"58":[0,0],"59":[0,0],"60":[0,0],"61":[0,0],"62":[0,0,0,0,0],"63":[0,0],"64":[0,0,0,0],"65":[0,0,0,0,0,0,0],"66":[0,0],"67":[0,0,0],"68":[0,0],"69":[0,0],"70":[0,0],"71":[0,0],"72":[0,0],"73":[0,0],"74":[0,0],"75":[0,0],"76":[0,0,0],"77":[0,0],"78":[0,0],"79":[0,0],"80":[0,0],"81":[0,0],"82":[0,0],"83":[0,0],"84":[0,0],"85":[0,1],"86":[0,0],"87":[0,0],"88":[0,0],"89":[0,0],"90":[0,1],"91":[1,0],"92":[1,0],"93":[0,1],"94":[0,0],"95":[0,0],"96":[0,0],"97":[0,0],"98":[0,0]},"f":{"1":0,"2":0,"3":0,"4":0,"5":0,"6":0,"7":0,"8":0,"9":0,"10":0,"11":0,"12":0,"13":0,"14":0,"15":0,"16":0,"17":0,"18":0,"19":0,"20":0,"21":0,"22":0,"23":0,"24":0,"25":0,"26":0,"27":0,"28":0,"29":0,"30":1,"31":1,"32":7,"33":0,"34":0,"35":0,"36":0,"37":0,"38":0,"39":0,"40":0,"41":0,"42":0,"43":0,"44":0,"45":0,"46":0,"47":0,"48":0,"49":0,"50":0,"51":0,"52":0,"53":0,"54":0,"55":0,"56":0,"57":0,"58":0,"59":0,"60":0,"61":0,"62":0,"63":0,"64":0,"65":0,"66":0,"67":0,"68":0,"69":0,"70":0,"71":0,"72":0,"73":0,"74":1,"75":0,"76":0,"77":0,"78":0,"79":1,"80":1,"81":1,"82":1,"83":1,"84":0,"85":0,"86":0,"87":0,"88":0,"89":0,"90":0,"91":0},"fnMap":{"1":{"name":"(anonymous_1)","line":93,"loc":{"start":{"line":93,"column":10},"end":{"line":93,"column":31}}},"2":{"name":"(anonymous_2)","line":103,"loc":{"start":{"line":103,"column":15},"end":{"line":103,"column":62}}},"3":{"name":"(anonymous_3)","line":110,"loc":{"start":{"line":110,"column":11},"end":{"line":110,"column":25}}},"4":{"name":"(anonymous_4)","line":114,"loc":{"start":{"line":114,"column":17},"end":{"line":114,"column":59}}},"5":{"name":"(anonymous_5)","line":116,"loc":{"start":{"line":116,"column":24},"end":{"line":116,"column":35}}},"6":{"name":"(anonymous_6)","line":126,"loc":{"start":{"line":126,"column":28},"end":{"line":126,"column":39}}},"7":{"name":"(anonymous_7)","line":130,"loc":{"start":{"line":130,"column":14},"end":{"line":130,"column":37}}},"8":{"name":"(anonymous_8)","line":141,"loc":{"start":{"line":141,"column":18},"end":{"line":141,"column":60}}},"9":{"name":"(anonymous_9)","line":143,"loc":{"start":{"line":143,"column":24},"end":{"line":143,"column":35}}},"10":{"name":"(anonymous_10)","line":171,"loc":{"start":{"line":171,"column":13},"end":{"line":171,"column":55}}},"11":{"name":"(anonymous_11)","line":173,"loc":{"start":{"line":173,"column":24},"end":{"line":173,"column":35}}},"12":{"name":"(anonymous_12)","line":189,"loc":{"start":{"line":189,"column":18},"end":{"line":189,"column":60}}},"13":{"name":"(anonymous_13)","line":191,"loc":{"start":{"line":191,"column":24},"end":{"line":191,"column":35}}},"14":{"name":"(anonymous_14)","line":193,"loc":{"start":{"line":193,"column":30},"end":{"line":193,"column":41}}},"15":{"name":"(anonymous_15)","line":207,"loc":{"start":{"line":207,"column":19},"end":{"line":207,"column":30}}},"16":{"name":"(anonymous_16)","line":220,"loc":{"start":{"line":220,"column":17},"end":{"line":220,"column":59}}},"17":{"name":"(anonymous_17)","line":222,"loc":{"start":{"line":222,"column":24},"end":{"line":222,"column":35}}},"18":{"name":"(anonymous_18)","line":239,"loc":{"start":{"line":239,"column":17},"end":{"line":239,"column":59}}},"19":{"name":"(anonymous_19)","line":241,"loc":{"start":{"line":241,"column":24},"end":{"line":241,"column":35}}},"20":{"name":"(anonymous_20)","line":245,"loc":{"start":{"line":245,"column":63},"end":{"line":245,"column":78}}},"21":{"name":"(anonymous_21)","line":249,"loc":{"start":{"line":249,"column":56},"end":{"line":249,"column":71}}},"22":{"name":"(anonymous_22)","line":291,"loc":{"start":{"line":291,"column":30},"end":{"line":291,"column":41}}},"23":{"name":"(anonymous_23)","line":293,"loc":{"start":{"line":293,"column":16},"end":{"line":293,"column":34}}},"24":{"name":"(anonymous_24)","line":303,"loc":{"start":{"line":303,"column":30},"end":{"line":303,"column":41}}},"25":{"name":"(anonymous_25)","line":311,"loc":{"start":{"line":311,"column":16},"end":{"line":311,"column":33}}},"26":{"name":"(anonymous_26)","line":314,"loc":{"start":{"line":314,"column":20},"end":{"line":314,"column":34}}},"27":{"name":"(anonymous_27)","line":334,"loc":{"start":{"line":334,"column":10},"end":{"line":334,"column":21}}},"28":{"name":"(anonymous_28)","line":339,"loc":{"start":{"line":339,"column":17},"end":{"line":339,"column":59}}},"29":{"name":"(anonymous_29)","line":341,"loc":{"start":{"line":341,"column":24},"end":{"line":341,"column":35}}},"30":{"name":"(anonymous_30)","line":359,"loc":{"start":{"line":359,"column":17},"end":{"line":359,"column":59}}},"31":{"name":"(anonymous_31)","line":361,"loc":{"start":{"line":361,"column":24},"end":{"line":361,"column":35}}},"32":{"name":"(anonymous_32)","line":365,"loc":{"start":{"line":365,"column":32},"end":{"line":365,"column":53}}},"33":{"name":"(anonymous_33)","line":366,"loc":{"start":{"line":366,"column":48},"end":{"line":366,"column":93}}},"34":{"name":"(anonymous_34)","line":374,"loc":{"start":{"line":374,"column":14},"end":{"line":374,"column":56}}},"35":{"name":"(anonymous_35)","line":376,"loc":{"start":{"line":376,"column":24},"end":{"line":376,"column":35}}},"36":{"name":"(anonymous_36)","line":380,"loc":{"start":{"line":380,"column":23},"end":{"line":380,"column":49}}},"37":{"name":"(anonymous_37)","line":384,"loc":{"start":{"line":384,"column":25},"end":{"line":384,"column":42}}},"38":{"name":"(anonymous_38)","line":386,"loc":{"start":{"line":386,"column":27},"end":{"line":386,"column":38}}},"39":{"name":"(anonymous_39)","line":396,"loc":{"start":{"line":396,"column":27},"end":{"line":396,"column":43}}},"40":{"name":"(anonymous_40)","line":401,"loc":{"start":{"line":401,"column":27},"end":{"line":401,"column":64}}},"41":{"name":"(anonymous_41)","line":421,"loc":{"start":{"line":421,"column":22},"end":{"line":421,"column":36}}},"42":{"name":"(anonymous_42)","line":429,"loc":{"start":{"line":429,"column":32},"end":{"line":429,"column":46}}},"43":{"name":"(anonymous_43)","line":437,"loc":{"start":{"line":437,"column":10},"end":{"line":437,"column":29}}},"44":{"name":"(anonymous_44)","line":442,"loc":{"start":{"line":442,"column":18},"end":{"line":442,"column":60}}},"45":{"name":"(anonymous_45)","line":444,"loc":{"start":{"line":444,"column":24},"end":{"line":444,"column":35}}},"46":{"name":"(anonymous_46)","line":447,"loc":{"start":{"line":447,"column":18},"end":{"line":447,"column":29}}},"47":{"name":"(anonymous_47)","line":462,"loc":{"start":{"line":462,"column":10},"end":{"line":462,"column":21}}},"48":{"name":"(anonymous_48)","line":505,"loc":{"start":{"line":505,"column":28},"end":{"line":505,"column":44}}},"49":{"name":"(anonymous_49)","line":510,"loc":{"start":{"line":510,"column":32},"end":{"line":510,"column":69}}},"50":{"name":"(anonymous_50)","line":514,"loc":{"start":{"line":514,"column":25},"end":{"line":514,"column":51}}},"51":{"name":"(anonymous_51)","line":519,"loc":{"start":{"line":519,"column":31},"end":{"line":519,"column":42}}},"52":{"name":"(anonymous_52)","line":526,"loc":{"start":{"line":526,"column":22},"end":{"line":526,"column":51}}},"53":{"name":"(anonymous_53)","line":533,"loc":{"start":{"line":533,"column":26},"end":{"line":533,"column":37}}},"54":{"name":"(anonymous_54)","line":540,"loc":{"start":{"line":540,"column":31},"end":{"line":540,"column":45}}},"55":{"name":"(anonymous_55)","line":543,"loc":{"start":{"line":543,"column":44},"end":{"line":543,"column":59}}},"56":{"name":"(anonymous_56)","line":560,"loc":{"start":{"line":560,"column":10},"end":{"line":560,"column":29}}},"57":{"name":"(anonymous_57)","line":565,"loc":{"start":{"line":565,"column":19},"end":{"line":565,"column":58}}},"58":{"name":"(anonymous_58)","line":576,"loc":{"start":{"line":576,"column":14},"end":{"line":576,"column":56}}},"59":{"name":"(anonymous_59)","line":578,"loc":{"start":{"line":578,"column":24},"end":{"line":578,"column":35}}},"60":{"name":"(anonymous_60)","line":591,"loc":{"start":{"line":591,"column":20},"end":{"line":591,"column":62}}},"61":{"name":"(anonymous_61)","line":593,"loc":{"start":{"line":593,"column":24},"end":{"line":593,"column":35}}},"62":{"name":"(anonymous_62)","line":600,"loc":{"start":{"line":600,"column":13},"end":{"line":600,"column":67}}},"63":{"name":"(anonymous_63)","line":601,"loc":{"start":{"line":601,"column":24},"end":{"line":601,"column":35}}},"64":{"name":"(anonymous_64)","line":610,"loc":{"start":{"line":610,"column":18},"end":{"line":610,"column":32}}},"65":{"name":"(anonymous_65)","line":612,"loc":{"start":{"line":612,"column":9},"end":{"line":612,"column":31}}},"66":{"name":"(anonymous_66)","line":613,"loc":{"start":{"line":613,"column":26},"end":{"line":613,"column":42}}},"67":{"name":"(anonymous_67)","line":614,"loc":{"start":{"line":614,"column":15},"end":{"line":614,"column":41}}},"68":{"name":"(anonymous_68)","line":615,"loc":{"start":{"line":615,"column":50},"end":{"line":615,"column":72}}},"69":{"name":"(anonymous_69)","line":625,"loc":{"start":{"line":625,"column":9},"end":{"line":625,"column":23}}},"70":{"name":"(anonymous_70)","line":626,"loc":{"start":{"line":626,"column":26},"end":{"line":626,"column":42}}},"71":{"name":"(anonymous_71)","line":627,"loc":{"start":{"line":627,"column":15},"end":{"line":627,"column":41}}},"72":{"name":"(anonymous_72)","line":628,"loc":{"start":{"line":628,"column":48},"end":{"line":628,"column":71}}},"73":{"name":"(anonymous_73)","line":643,"loc":{"start":{"line":643,"column":8},"end":{"line":643,"column":41}}},"74":{"name":"(anonymous_74)","line":650,"loc":{"start":{"line":650,"column":7},"end":{"line":650,"column":40}}},"75":{"name":"(anonymous_75)","line":657,"loc":{"start":{"line":657,"column":8},"end":{"line":657,"column":47}}},"76":{"name":"(anonymous_76)","line":664,"loc":{"start":{"line":664,"column":7},"end":{"line":664,"column":46}}},"77":{"name":"(anonymous_77)","line":671,"loc":{"start":{"line":671,"column":9},"end":{"line":671,"column":48}}},"78":{"name":"(anonymous_78)","line":678,"loc":{"start":{"line":678,"column":12},"end":{"line":678,"column":45}}},"79":{"name":"(anonymous_79)","line":685,"loc":{"start":{"line":685,"column":11},"end":{"line":685,"column":44}}},"80":{"name":"(anonymous_80)","line":691,"loc":{"start":{"line":691,"column":14},"end":{"line":691,"column":51}}},"81":{"name":"(anonymous_81)","line":692,"loc":{"start":{"line":692,"column":27},"end":{"line":692,"column":43}}},"82":{"name":"(anonymous_82)","line":693,"loc":{"start":{"line":693,"column":13},"end":{"line":693,"column":24}}},"83":{"name":"(anonymous_83)","line":711,"loc":{"start":{"line":711,"column":22},"end":{"line":711,"column":38}}},"84":{"name":"(anonymous_84)","line":712,"loc":{"start":{"line":712,"column":13},"end":{"line":712,"column":55}}},"85":{"name":"(anonymous_85)","line":716,"loc":{"start":{"line":716,"column":32},"end":{"line":716,"column":43}}},"86":{"name":"(anonymous_86)","line":718,"loc":{"start":{"line":718,"column":20},"end":{"line":718,"column":62}}},"87":{"name":"(anonymous_87)","line":725,"loc":{"start":{"line":725,"column":18},"end":{"line":725,"column":60}}},"88":{"name":"(anonymous_88)","line":726,"loc":{"start":{"line":726,"column":26},"end":{"line":726,"column":37}}},"89":{"name":"(anonymous_89)","line":728,"loc":{"start":{"line":728,"column":14},"end":{"line":728,"column":56}}},"90":{"name":"(anonymous_90)","line":732,"loc":{"start":{"line":732,"column":11},"end":{"line":732,"column":29}}},"91":{"name":"(anonymous_91)","line":756,"loc":{"start":{"line":756,"column":14},"end":{"line":756,"column":40}}}},"statementMap":{"1":{"start":{"line":2,"column":0},"end":{"line":2,"column":510}},"2":{"start":{"line":4,"column":0},"end":{"line":4,"column":25}},"3":{"start":{"line":6,"column":0},"end":{"line":6,"column":37}},"4":{"start":{"line":8,"column":0},"end":{"line":8,"column":27}},"5":{"start":{"line":10,"column":0},"end":{"line":10,"column":23}},"6":{"start":{"line":12,"column":0},"end":{"line":12,"column":25}},"7":{"start":{"line":14,"column":0},"end":{"line":14,"column":23}},"8":{"start":{"line":16,"column":0},"end":{"line":16,"column":30}},"9":{"start":{"line":18,"column":0},"end":{"line":18,"column":22}},"10":{"start":{"line":20,"column":0},"end":{"line":20,"column":22}},"11":{"start":{"line":22,"column":0},"end":{"line":22,"column":41}},"12":{"start":{"line":24,"column":0},"end":{"line":24,"column":27}},"13":{"start":{"line":26,"column":0},"end":{"line":26,"column":25}},"14":{"start":{"line":28,"column":0},"end":{"line":28,"column":38}},"15":{"start":{"line":30,"column":0},"end":{"line":30,"column":40}},"16":{"start":{"line":32,"column":0},"end":{"line":32,"column":27}},"17":{"start":{"line":34,"column":0},"end":{"line":34,"column":30}},"18":{"start":{"line":36,"column":0},"end":{"line":36,"column":33}},"19":{"start":{"line":38,"column":0},"end":{"line":38,"column":40}},"20":{"start":{"line":40,"column":0},"end":{"line":40,"column":38}},"21":{"start":{"line":42,"column":0},"end":{"line":42,"column":40}},"22":{"start":{"line":44,"column":0},"end":{"line":44,"column":32}},"23":{"start":{"line":46,"column":0},"end":{"line":46,"column":30}},"24":{"start":{"line":48,"column":0},"end":{"line":48,"column":43}},"25":{"start":{"line":50,"column":0},"end":{"line":50,"column":17}},"26":{"start":{"line":52,"column":0},"end":{"line":55,"column":3}},"27":{"start":{"line":57,"column":0},"end":{"line":61,"column":3}},"28":{"start":{"line":63,"column":0},"end":{"line":67,"column":3}},"29":{"start":{"line":69,"column":0},"end":{"line":73,"column":3}},"30":{"start":{"line":75,"column":0},"end":{"line":79,"column":3}},"31":{"start":{"line":81,"column":0},"end":{"line":85,"column":3}},"32":{"start":{"line":87,"column":0},"end":{"line":91,"column":3}},"33":{"start":{"line":93,"column":0},"end":{"line":101,"column":2}},"34":{"start":{"line":94,"column":2},"end":{"line":94,"column":26}},"35":{"start":{"line":95,"column":2},"end":{"line":95,"column":16}},"36":{"start":{"line":96,"column":2},"end":{"line":99,"column":3}},"37":{"start":{"line":97,"column":4},"end":{"line":97,"column":20}},"38":{"start":{"line":98,"column":4},"end":{"line":98,"column":41}},"39":{"start":{"line":100,"column":2},"end":{"line":100,"column":15}},"40":{"start":{"line":103,"column":0},"end":{"line":108,"column":2}},"41":{"start":{"line":104,"column":2},"end":{"line":104,"column":24}},"42":{"start":{"line":105,"column":2},"end":{"line":105,"column":26}},"43":{"start":{"line":106,"column":2},"end":{"line":106,"column":34}},"44":{"start":{"line":107,"column":2},"end":{"line":107,"column":13}},"45":{"start":{"line":110,"column":0},"end":{"line":112,"column":2}},"46":{"start":{"line":111,"column":2},"end":{"line":111,"column":138}},"47":{"start":{"line":114,"column":0},"end":{"line":139,"column":2}},"48":{"start":{"line":115,"column":2},"end":{"line":115,"column":36}},"49":{"start":{"line":116,"column":2},"end":{"line":138,"column":5}},"50":{"start":{"line":117,"column":4},"end":{"line":119,"column":5}},"51":{"start":{"line":118,"column":6},"end":{"line":118,"column":87}},"52":{"start":{"line":120,"column":4},"end":{"line":124,"column":5}},"53":{"start":{"line":121,"column":6},"end":{"line":121,"column":71}},"54":{"start":{"line":123,"column":6},"end":{"line":123,"column":35}},"55":{"start":{"line":125,"column":4},"end":{"line":137,"column":5}},"56":{"start":{"line":126,"column":6},"end":{"line":134,"column":9}},"57":{"start":{"line":127,"column":8},"end":{"line":127,"column":54}},"58":{"start":{"line":128,"column":8},"end":{"line":128,"column":41}},"59":{"start":{"line":129,"column":8},"end":{"line":129,"column":50}},"60":{"start":{"line":131,"column":8},"end":{"line":131,"column":64}},"61":{"start":{"line":132,"column":8},"end":{"line":132,"column":57}},"62":{"start":{"line":133,"column":8},"end":{"line":133,"column":66}},"63":{"start":{"line":136,"column":6},"end":{"line":136,"column":64}},"64":{"start":{"line":141,"column":0},"end":{"line":169,"column":2}},"65":{"start":{"line":142,"column":2},"end":{"line":142,"column":37}},"66":{"start":{"line":143,"column":2},"end":{"line":168,"column":5}},"67":{"start":{"line":144,"column":4},"end":{"line":144,"column":74}},"68":{"start":{"line":145,"column":4},"end":{"line":156,"column":6}},"69":{"start":{"line":157,"column":4},"end":{"line":159,"column":5}},"70":{"start":{"line":158,"column":6},"end":{"line":158,"column":41}},"71":{"start":{"line":160,"column":4},"end":{"line":162,"column":5}},"72":{"start":{"line":161,"column":6},"end":{"line":161,"column":35}},"73":{"start":{"line":163,"column":4},"end":{"line":165,"column":5}},"74":{"start":{"line":164,"column":6},"end":{"line":164,"column":61}},"75":{"start":{"line":166,"column":4},"end":{"line":166,"column":66}},"76":{"start":{"line":167,"column":4},"end":{"line":167,"column":62}},"77":{"start":{"line":171,"column":0},"end":{"line":187,"column":2}},"78":{"start":{"line":172,"column":2},"end":{"line":172,"column":32}},"79":{"start":{"line":173,"column":2},"end":{"line":186,"column":5}},"80":{"start":{"line":174,"column":4},"end":{"line":174,"column":24}},"81":{"start":{"line":175,"column":4},"end":{"line":175,"column":50}},"82":{"start":{"line":176,"column":4},"end":{"line":179,"column":7}},"83":{"start":{"line":180,"column":4},"end":{"line":183,"column":7}},"84":{"start":{"line":184,"column":4},"end":{"line":184,"column":73}},"85":{"start":{"line":185,"column":4},"end":{"line":185,"column":62}},"86":{"start":{"line":189,"column":0},"end":{"line":218,"column":2}},"87":{"start":{"line":190,"column":2},"end":{"line":190,"column":37}},"88":{"start":{"line":191,"column":2},"end":{"line":217,"column":5}},"89":{"start":{"line":192,"column":4},"end":{"line":192,"column":13}},"90":{"start":{"line":193,"column":4},"end":{"line":202,"column":9}},"91":{"start":{"line":194,"column":6},"end":{"line":201,"column":7}},"92":{"start":{"line":196,"column":10},"end":{"line":196,"column":22}},"93":{"start":{"line":198,"column":10},"end":{"line":198,"column":23}},"94":{"start":{"line":200,"column":10},"end":{"line":200,"column":22}},"95":{"start":{"line":203,"column":4},"end":{"line":205,"column":5}},"96":{"start":{"line":204,"column":6},"end":{"line":204,"column":160}},"97":{"start":{"line":206,"column":4},"end":{"line":215,"column":5}},"98":{"start":{"line":207,"column":6},"end":{"line":214,"column":11}},"99":{"start":{"line":208,"column":8},"end":{"line":213,"column":9}},"100":{"start":{"line":210,"column":12},"end":{"line":210,"column":22}},"101":{"start":{"line":212,"column":12},"end":{"line":212,"column":23}},"102":{"start":{"line":216,"column":4},"end":{"line":216,"column":62}},"103":{"start":{"line":220,"column":0},"end":{"line":237,"column":2}},"104":{"start":{"line":221,"column":2},"end":{"line":221,"column":36}},"105":{"start":{"line":222,"column":2},"end":{"line":236,"column":5}},"106":{"start":{"line":223,"column":4},"end":{"line":223,"column":13}},"107":{"start":{"line":224,"column":4},"end":{"line":226,"column":5}},"108":{"start":{"line":225,"column":6},"end":{"line":225,"column":197}},"109":{"start":{"line":227,"column":4},"end":{"line":229,"column":5}},"110":{"start":{"line":228,"column":6},"end":{"line":228,"column":282}},"111":{"start":{"line":230,"column":4},"end":{"line":234,"column":5}},"112":{"start":{"line":231,"column":6},"end":{"line":233,"column":7}},"113":{"start":{"line":232,"column":8},"end":{"line":232,"column":27}},"114":{"start":{"line":235,"column":4},"end":{"line":235,"column":62}},"115":{"start":{"line":239,"column":0},"end":{"line":337,"column":2}},"116":{"start":{"line":240,"column":2},"end":{"line":240,"column":36}},"117":{"start":{"line":241,"column":2},"end":{"line":336,"column":5}},"118":{"start":{"line":242,"column":4},"end":{"line":242,"column":128}},"119":{"start":{"line":243,"column":4},"end":{"line":243,"column":64}},"120":{"start":{"line":244,"column":4},"end":{"line":244,"column":82}},"121":{"start":{"line":245,"column":4},"end":{"line":247,"column":7}},"122":{"start":{"line":246,"column":6},"end":{"line":246,"column":54}},"123":{"start":{"line":248,"column":4},"end":{"line":248,"column":64}},"124":{"start":{"line":249,"column":4},"end":{"line":251,"column":7}},"125":{"start":{"line":250,"column":6},"end":{"line":250,"column":28}},"126":{"start":{"line":252,"column":4},"end":{"line":254,"column":5}},"127":{"start":{"line":253,"column":6},"end":{"line":253,"column":248}},"128":{"start":{"line":255,"column":4},"end":{"line":333,"column":5}},"129":{"start":{"line":256,"column":6},"end":{"line":330,"column":7}},"130":{"start":{"line":257,"column":8},"end":{"line":257,"column":52}},"131":{"start":{"line":258,"column":8},"end":{"line":267,"column":9}},"132":{"start":{"line":259,"column":10},"end":{"line":259,"column":83}},"133":{"start":{"line":260,"column":10},"end":{"line":260,"column":71}},"134":{"start":{"line":261,"column":10},"end":{"line":261,"column":102}},"135":{"start":{"line":262,"column":15},"end":{"line":267,"column":9}},"136":{"start":{"line":263,"column":10},"end":{"line":263,"column":88}},"137":{"start":{"line":264,"column":10},"end":{"line":264,"column":92}},"138":{"start":{"line":266,"column":10},"end":{"line":266,"column":31}},"139":{"start":{"line":268,"column":8},"end":{"line":268,"column":75}},"140":{"start":{"line":269,"column":8},"end":{"line":269,"column":33}},"141":{"start":{"line":270,"column":13},"end":{"line":330,"column":7}},"142":{"start":{"line":271,"column":8},"end":{"line":271,"column":48}},"143":{"start":{"line":272,"column":8},"end":{"line":272,"column":40}},"144":{"start":{"line":273,"column":8},"end":{"line":273,"column":56}},"145":{"start":{"line":274,"column":8},"end":{"line":289,"column":9}},"146":{"start":{"line":275,"column":10},"end":{"line":275,"column":39}},"147":{"start":{"line":276,"column":10},"end":{"line":278,"column":11}},"148":{"start":{"line":277,"column":12},"end":{"line":277,"column":38}},"149":{"start":{"line":279,"column":10},"end":{"line":288,"column":11}},"150":{"start":{"line":280,"column":12},"end":{"line":280,"column":41}},"151":{"start":{"line":281,"column":12},"end":{"line":286,"column":13}},"152":{"start":{"line":282,"column":14},"end":{"line":282,"column":51}},"153":{"start":{"line":283,"column":14},"end":{"line":283,"column":49}},"154":{"start":{"line":285,"column":14},"end":{"line":285,"column":33}},"155":{"start":{"line":287,"column":12},"end":{"line":287,"column":74}},"156":{"start":{"line":290,"column":8},"end":{"line":290,"column":47}},"157":{"start":{"line":291,"column":8},"end":{"line":300,"column":11}},"158":{"start":{"line":292,"column":10},"end":{"line":292,"column":45}},"159":{"start":{"line":294,"column":10},"end":{"line":299,"column":11}},"160":{"start":{"line":295,"column":12},"end":{"line":295,"column":300}},"161":{"start":{"line":297,"column":12},"end":{"line":297,"column":55}},"162":{"start":{"line":298,"column":12},"end":{"line":298,"column":37}},"163":{"start":{"line":301,"column":13},"end":{"line":330,"column":7}},"164":{"start":{"line":302,"column":8},"end":{"line":302,"column":40}},"165":{"start":{"line":303,"column":8},"end":{"line":317,"column":11}},"166":{"start":{"line":304,"column":10},"end":{"line":304,"column":19}},"167":{"start":{"line":305,"column":10},"end":{"line":305,"column":62}},"168":{"start":{"line":306,"column":10},"end":{"line":310,"column":11}},"169":{"start":{"line":307,"column":12},"end":{"line":307,"column":148}},"170":{"start":{"line":309,"column":12},"end":{"line":309,"column":61}},"171":{"start":{"line":312,"column":10},"end":{"line":312,"column":63}},"172":{"start":{"line":313,"column":10},"end":{"line":313,"column":68}},"173":{"start":{"line":315,"column":10},"end":{"line":315,"column":105}},"174":{"start":{"line":316,"column":10},"end":{"line":316,"column":82}},"175":{"start":{"line":318,"column":13},"end":{"line":330,"column":7}},"176":{"start":{"line":319,"column":8},"end":{"line":319,"column":40}},"177":{"start":{"line":320,"column":8},"end":{"line":324,"column":9}},"178":{"start":{"line":321,"column":10},"end":{"line":321,"column":68}},"179":{"start":{"line":323,"column":10},"end":{"line":323,"column":56}},"180":{"start":{"line":325,"column":8},"end":{"line":325,"column":77}},"181":{"start":{"line":326,"column":8},"end":{"line":326,"column":75}},"182":{"start":{"line":327,"column":8},"end":{"line":327,"column":33}},"183":{"start":{"line":329,"column":8},"end":{"line":329,"column":33}},"184":{"start":{"line":332,"column":6},"end":{"line":332,"column":31}},"185":{"start":{"line":335,"column":4},"end":{"line":335,"column":62}},"186":{"start":{"line":339,"column":0},"end":{"line":357,"column":2}},"187":{"start":{"line":340,"column":2},"end":{"line":340,"column":36}},"188":{"start":{"line":341,"column":2},"end":{"line":356,"column":5}},"189":{"start":{"line":342,"column":4},"end":{"line":342,"column":52}},"190":{"start":{"line":343,"column":4},"end":{"line":343,"column":261}},"191":{"start":{"line":344,"column":4},"end":{"line":347,"column":5}},"192":{"start":{"line":345,"column":6},"end":{"line":345,"column":19}},"193":{"start":{"line":346,"column":6},"end":{"line":346,"column":34}},"194":{"start":{"line":348,"column":4},"end":{"line":348,"column":22}},"195":{"start":{"line":349,"column":4},"end":{"line":349,"column":35}},"196":{"start":{"line":350,"column":4},"end":{"line":353,"column":5}},"197":{"start":{"line":351,"column":6},"end":{"line":351,"column":24}},"198":{"start":{"line":352,"column":6},"end":{"line":352,"column":46}},"199":{"start":{"line":354,"column":4},"en
[...]
       return resolve(res);","      });","    });","  }).then(function(response) {","    return Promise.resolve([request, response, requestState]);","  });","};","","processResponse = function(request, response, requestState) {","  debugResponse(\"processing response, got status code %s\", response.statusCode);","  return Promise[\"try\"](function() {","    var cookieHeader, promises;","    if ((request.cookieJar != null) && (response.headers[\"set-cookie\"] != null)) {","      promises = (function() {","        var i, len, ref, results;","        ref = response.headers[\"set-cookie\"];","        results = [];","        for (i = 0, len = ref.length; i < len; i++) {","          cookieHeader = ref[i];","          debugResponse(\"storing cookie: %s\", cookieHeader);","          results.push(request.cookieJar.set(cookieHeader, request.url));","        }","        return results;","      })();","      return Promise.all(promises);","    } else {","      return Promise.resolve();","    }","  }).then(function() {","    var completedBytes, progressStream, ref, ref1, totalBytes;","    response.request = request;","    response.requestState = requestState;","    response.redirectHistory = requestState.redirectHistory;","    if (((ref = response.statusCode) === 301 || ref === 302 || ref === 303 || ref === 307) && request.responseOptions.followRedirects) {","      if (requestState.redirectHistory.length >= (request.responseOptions.redirectLimit - 1)) {","        return Promise.reject(addErrorData(new bhttpErrors.RedirectError(\"The maximum amount of redirects ({request.responseOptions.redirectLimit}) was reached.\")));","      }","      switch (response.statusCode) {","        case 301:","          switch (request.options.method) {","            case \"get\":","            case \"head\":","              return redirectUnchanged(request, response, requestState);","            case \"post\":","            case \"put\":","            case \"patch\":","            case \"delete\":","              return Promise.reject(addErrorData(new bhttpErrors.RedirectError(\"Encountered a 301 redirect for POST, PUT, PATCH or DELETE. RFC says we can't automatically continue.\"), request, response, requestState));","            default:","              return Promise.reject(addErrorData(new bhttpErrors.RedirectError(\"Encountered a 301 redirect, but not sure how to proceed for the \" + (request.options.method.toUpperCase()) + \" method.\")));","          }","          break;","        case 302:","        case 303:","          return redirectGet(request, response, requestState);","        case 307:","          if (request.containsStreams && ((ref1 = request.options.method) !== \"get\" && ref1 !== \"head\")) {","            return Promise.reject(addErrorData(new bhttpErrors.RedirectError(\"Encountered a 307 redirect for POST, PUT or DELETE, but your payload contained (single-use) streams. We therefore can't automatically follow the redirect.\"), request, response, requestState));","          } else {","            return redirectUnchanged(request, response, requestState);","          }","      }","    } else if (request.responseOptions.discardResponse) {","      response.pipe(devNull());","      return Promise.resolve(response);","    } else {","      totalBytes = response.headers[\"content-length\"];","      if (totalBytes != null) {","        totalBytes = parseInt(totalBytes);","      }","      completedBytes = 0;","      progressStream = sink(function(chunk) {","        completedBytes += chunk.length;","        return response.emit(\"progress\", completedBytes, totalBytes);","      });","      if (request.responseOptions.onDownloadProgress != null) {","        response.on(\"progress\", function(completedBytes, totalBytes) {","          return request.responseOptions.onDownloadProgress(completedBytes, totalBytes, response);","        });","      }","      return new Promise(function(resolve, reject) {","        var _on, _progressStreamAttached, _resume, attachProgressStream;","        _resume = response.resume.bind(response);","        _on = response.on.bind(response);","        _progressStreamAttached = false;","        attachProgressStream = function() {","          if (!_progressStreamAttached) {","            debugResponse(\"attaching progress stream\");","            _progressStreamAttached = true;","            return response.pipe(progressStream);","          }","        };","        response.on = function(eventName, handler) {","          debugResponse(\"'on' called, \" + eventName);","          if (eventName === \"data\" || eventName === \"readable\") {","            attachProgressStream();","          }","          return _on(eventName, handler);","        };","        response.resume = function() {","          attachProgressStream();","          return _resume();","        };","        if (request.responseOptions.stream) {","          return resolve(response);","        } else {","          response.on(\"error\", function(err) {","            return reject(err);","          });","          return response.pipe(concatStream(function(body) {","            var err, ref2;","            if (request.responseOptions.decodeJSON || (((ref2 = response.headers[\"content-type\"]) != null ? ref2 : \"\").split(\";\")[0] === \"application/json\" && !request.responseOptions.noDecode)) {","              try {","                response.body = JSON.parse(body);","              } catch (_error) {","                err = _error;","                reject(err);","              }","            } else {","              response.body = body;","            }","            return resolve(response);","          }));","        }","      });","    }","  }).then(function(response) {","    return Promise.resolve([request, response, requestState]);","  });","};","","doPayloadRequest = function(url, data, options, callback) {","  if (isStream(data)) {","    options.inputStream = data;","  } else if (ofTypes(data, [Buffer]) || typeof data === \"string\") {","    options.inputBuffer = data;","  } else {","    options.formFields = data;","  }","  return this.request(url, options, callback);","};","","redirectGet = function(request, response, requestState) {","  debugResponse(\"following forced-GET redirect to %s\", response.headers[\"location\"]);","  return Promise[\"try\"](function() {","    var i, key, len, options, ref;","    options = _.clone(requestState.originalOptions);","    options.method = \"get\";","    ref = [\"inputBuffer\", \"inputStream\", \"files\", \"formFields\"];","    for (i = 0, len = ref.length; i < len; i++) {","      key = ref[i];","      delete options[key];","    }","    return doRedirect(request, response, requestState, options);","  });","};","","redirectUnchanged = function(request, response, requestState) {","  debugResponse(\"following same-method redirect to %s\", response.headers[\"location\"]);","  return Promise[\"try\"](function() {","    var options;","    options = _.clone(requestState.originalOptions);","    return doRedirect(request, response, requestState, options);","  });","};","","doRedirect = function(request, response, requestState, newOptions) {","  return Promise[\"try\"](function() {","    if (!request.responseOptions.keepRedirectResponses) {","      response.pipe(devNull());","    }","    requestState.redirectHistory.push(response);","    return bhttpAPI._doRequest(urlUtil.resolve(request.url, response.headers[\"location\"]), newOptions, requestState);","  });","};","","createCookieJar = function(jar) {","  return {","    set: function(cookie, url) {","      return new Promise((function(_this) {","        return function(resolve, reject) {","          return _this.jar.setCookie(cookie, url, function(err, cookie) {","            if (err) {","              return reject(err);","            } else {","              return resolve(cookie);","            }","          });","        };","      })(this));","    },","    get: function(url) {","      return new Promise((function(_this) {","        return function(resolve, reject) {","          return _this.jar.getCookieString(url, function(err, cookies) {","            if (err) {","              return reject(err);","            } else {","              return resolve(cookies);","            }","          });","        };","      })(this));","    },","    jar: jar","  };","};","","bhttpAPI = {","  head: function(url, options, callback) {","    if (options == null) {","      options = {};","    }","    options.method = \"head\";","    return this.request(url, options, callback);","  },","  get: function(url, options, callback) {","    if (options == null) {","      options = {};","    }","    options.method = \"get\";","    return this.request(url, options, callback);","  },","  post: function(url, data, options, callback) {","    if (options == null) {","      options = {};","    }","    options.method = \"post\";","    return doPayloadRequest.bind(this)(url, data, options, callback);","  },","  put: function(url, data, options, callback) {","    if (options == null) {","      options = {};","    }","    options.method = \"put\";","    return doPayloadRequest.bind(this)(url, data, options, callback);","  },","  patch: function(url, data, options, callback) {","    if (options == null) {","      options = {};","    }","    options.method = \"patch\";","    return doPayloadRequest.bind(this)(url, data, options, callback);","  },","  \"delete\": function(url, options, callback) {","    if (options == null) {","      options = {};","    }","    options.method = \"delete\";","    return this.request(url, options, callback);","  },","  request: function(url, options, callback) {","    if (options == null) {","      options = {};","    }","    return this._doRequest(url, options).nodeify(callback);","  },","  _doRequest: function(url, options, requestState) {","    return Promise[\"try\"]((function(_this) {","      return function() {","        var ref, request, response;","        request = {","          url: url,","          options: _.clone(options)","        };","        response = null;","        if (requestState == null) {","          requestState = {","            originalOptions: _.clone(options),","            redirectHistory: []","          };","        }","        if (requestState.sessionOptions == null) {","          requestState.sessionOptions = (ref = _this._sessionOptions) != null ? ref : {};","        }","        return prepareRequest(request, response, requestState);","      };","    })(this)).spread((function(_this) {","      return function(request, response, requestState) {","        if (request.responseOptions.justPrepare) {","          return Promise.resolve([request, response, requestState]);","        } else {","          return Promise[\"try\"](function() {","            return bhttpAPI.executeRequest(request, response, requestState);","          }).spread(function(request, response, requestState) {","            return Promise.resolve(response);","          });","        }","      };","    })(this));","  },","  executeRequest: function(request, response, requestState) {","    return Promise[\"try\"](function() {","      return makeRequest(request, response, requestState);","    }).spread(function(request, response, requestState) {","      return processResponse(request, response, requestState);","    });","  },","  session: function(options) {","    var key, session, value;","    if (options == null) {","      options = {};","    }","    options = _.clone(options);","    session = {};","    for (key in this) {","      value = this[key];","      if (value instanceof Function) {","        value = value.bind(session);","      }","      session[key] = value;","    }","    if (options.cookieJar == null) {","      options.cookieJar = createCookieJar(new toughCookie.CookieJar());","    } else if (options.cookieJar === false) {","      delete options.cookieJar;","    } else {","      options.cookieJar = createCookieJar(options.cookieJar);","    }","    session._sessionOptions = options;","    return session;","  },","  wrapStream: function(stream, options) {","    return {","      _bhttpStreamWrapper: true,","      stream: stream,","      options: options","    };","  }","};","","extend(bhttpAPI, bhttpErrors);","","module.exports = bhttpAPI;",""],"l":{"2":1,"4":1,"6":1,"8":1,"10":1,"12":1,"14":1,"16":1,"18":1,"20":1,"22":1,"24":1,"26":1,"28":1,"30":1,"32":1,"34":1,"36":1,"38":1,"40":1,"42":1,"44":1,"46":1,"48":1,"50":1,"52":1,"57":1,"63":1,"69":1,"75":1,"81":1,"87":1,"93":1,"94":0,"95":0,"96":0,"97":0,"98":0,"100":0,"103":1,"104":0,"105":0,"106":0,"107":0,"110":1,"111":0,"114":1,"115":0,"116":0,"117":0,"118":0,"120":0,"121":0,"123":0,"125":0,"126":0,"127":0,"128":0,"129":0,"131":0,"132":0,"133":0,"136":0,"141":1,"142":0,"143":0,"144":0,"145":0,"157":0,"158":0,"160":0,"161":0,"163":0,"164":0,"166":0,"167":0,"171":1,"172":0,"173":0,"174":0,"175":0,"176":0,"180":0,"184":0,"185":0,"189":1,"190":0,"191":0,"192":0,"193":0,"194":0,"196":0,"198":0,"200":0,"203":0,"204":0,"206":0,"207":0,"208":0,"210":0,"212":0,"216":0,"220":1,"221":0,"222":0,"223":0,"224":0,"225":0,"227":0,"228":0,"230":0,"231":0,"232":0,"235":0,"239":1,"240":0,"241":0,"242":0,"243":0,"244":0,"245":0,"246":0,"248":0,"249":0,"250":0,"252":0,"253":0,"255":0,"256":0,"257":0,"258":0,"259":0,"260":0,"261":0,"262":0,"263":0,"264":0,"266":0,"268":0,"269":0,"270":0,"271":0,"272":0,"273":0,"274":0,"275":0,"276":0,"277":0,"279":0,"280":0,"281":0,"282":0,"283":0,"285":0,"287":0,"290":0,"291":0,"292":0,"294":0,"295":0,"297":0,"298":0,"301":0,"302":0,"303":0,"304":0,"305":0,"306":0,"307":0,"309":0,"312":0,"313":0,"315":0,"316":0,"318":0,"319":0,"320":0,"321":0,"323":0,"325":0,"326":0,"327":0,"329":0,"332":0,"335":0,"339":1,"340":0,"341":0,"342":0,"343":0,"344":0,"345":0,"346":0,"348":0,"349":0,"350":0,"351":0,"352":0,"354":0,"355":0,"359":1,"360":1,"361":1,"362":1,"363":1,"364":1,"365":1,"366":7,"367":0,"370":1,"374":1,"375":0,"376":0,"377":0,"378":0,"379":0,"380":0,"381":0,"382":0,"383":0,"384":0,"385":0,"386":0,"387":0,"388":0,"389":0,"391":0,"394":0,"395":0,"396":0,"397":0,"398":0,"400":0,"401":0,"402":0,"405":0,"406":0,"407":0,"408":0,"409":0,"410":0,"411":0,"412":0,"413":0,"415":0,"418":0,"419":0,"421":0,"422":0,"423":0,"424":0,"426":0,"429":0,"430":0,"431":0,"432":0,"434":0,"438":0,"442":1,"443":0,"444":0,"445":0,"446":0,"447":0,"448":0,"449":0,"450":0,"451":0,"452":0,"453":0,"454":0,"456":0,"458":0,"460":0,"463":0,"464":0,"465":0,"466":0,"467":0,"468":0,"469":0,"471":0,"473":0,"476":0,"481":0,"483":0,"485":0,"488":0,"490":0,"491":0,"493":0,"496":0,"497":0,"498":0,"500":0,"501":0,"502":0,"504":0,"505":0,"506":0,"507":0,"509":0,"510":0,"511":0,"514":0,"515":0,"516":0,"517":0,"518":0,"519":0,"520":0,"521":0,"522":0,"523":0,"526":0,"527":0,"528":0,"529":0,"531":0,"533":0,"534":0,"535":0,"537":0,"538":0,"540":0,"541":0,"543":0,"544":0,"545":0,"546":0,"547":0,"549":0,"550":0,"553":0,"555":0,"561":0,"565":1,"566":0,"567":0,"568":0,"569":0,"571":0,"573":0,"576":1,"577":0,"578":0,"579":0,"580":0,"581":0,"582":0,"583":0,"584":0,"585":0,"587":0,"591":1,"592":0,"593":0,"594":0,"595":0,"596":0,"600":1,"601":0,"602":0,"603":0,"605":0,"606":0,"610":1,"611":0,"613":0,"614":0,"615":0,"616":0,"617":0,"619":0,"626":0,"627":0,"628":0,"629":0,"630":0,"632":0,"642":1,"644":0,"645":0,"647":0,"648":0,"651":1,"652":0,"654":1,"655":1,"658":0,"659":0,"661":0,"662":0,"665":0,"666":0,"668":0,"669":0,"672":0,"673":0,"675":0,"676":0,"679":0,"680":0,"682":0,"683":0,"686":1,"687":0,"689":1,"692":1,"693":1,"694":1,"695":1,"699":1,"700":1,"701":1,"706":1,"707":1,"709":1,"712":1,"713":0,"714":0,"716":0,"717":0,"719":0,"726":0,"727":0,"729":0,"733":0,"734":0,"735":0,"737":0,"738":0,"739":0,"740":0,"741":0,"742":0,"744":0,"746":0,"747":0,"748":0,"749":0,"751":0,"753":0,"754":0,"757":0,"765":1,"767":1}},"/home/travis/build/npmtest/node-npmtest-bhttp/node_modules/bhttp/gulpfile.js":{"path":"/home/travis/build/npmtest/node-npmtest-bhttp/node_modules/bhttp/gulpfile.js","s":{"1":2,"2":0,"3":0,"4":0,"5":0,"6":0,"7":0,"8":0,"9":0,"10":0,"11":0,"12":0,"13":0,"14":0,"15":0},"b":{},"f":{"1":0,"2":0},"fnMap":{"1":{"name":"(anonymous_1)","line":15,"loc":{"start":{"line":15,"column":20},"end":{"line":15,"column":31}}},"2":{"name":"(anonymous_2)","line":24,"loc":{"start":{"line":24,"column":19},"end":{"line":24,"column":31}}}},"statementMap":{"1":{"start":{"line":1,"column":0},"end":{"line":1,"column":27}},"2":{"start":{"line":4,"column":0},"end":{"line":4,"column":27}},"3":{"start":{"line":5,"column":0},"end":{"line":5,"column":33}},"4":{"start":{"line":6,"column":0},"end":{"line":6,"column":36}},"5":{"start":{"line":7,"column":0},"end":{"line":7,"column":36}},"6":{"start":{"line":8,"column":0},"end":{"line":8,"column":36}},"7":{"start":{"line":9,"column":0},"end":{"line":9,"column":35}},"8":{"start":{"line":10,"column":0},"end":{"line":10,"column":40}},"9":{"start":{"line":11,"column":0},"end":{"line":11,"column":38}},"10":{"start":{"line":13,"column":0},"end":{"line":13,"column":48}},"11":{"start":{"line":15,"column":0},"end":{"line":22,"column":3}},"12":{"start":{"line":16,"column":1},"end":{"line":21,"column":24}},"13":{"start":{"line":24,"column":0},"end":{"line":26,"column":3}},"14":{"start":{"line":25,"column":1},"end":{"line":25,"column":32}},"15":{"start":{"line":28,"column":0},"end":{"line":28,"column":42}}},"branchMap":{},"code":["var gulp = require('gulp');","","/* CoffeeScript compile deps */","var path = require('path');","var gutil = require('gulp-util');","var concat = require('gulp-concat');","var rename = require('gulp-rename');","var coffee = require('gulp-coffee');","var cache = require('gulp-cached');","var remember = require('gulp-remember');","var plumber = require('gulp-plumber');","","var source = [\"lib/**/*.coffee\", \"index.coffee\"]","","gulp.task('coffee', function() {","\treturn gulp.src(source, {base: \".\"})","\t\t.pipe(plumber())","\t\t.pipe(cache(\"coffee\"))","\t\t.pipe(coffee({bare: true}).on('error', gutil.log)).on('data', gutil.log)","\t\t.pipe(remember(\"coffee\"))","\t\t.pipe(gulp.dest(\".\"));","});","","gulp.task('watch', function () {","\tgulp.watch(source, ['coffee']);","});","","gulp.task('default', ['coffee', 'watch']);"],"l":{"1":2,"4":0,"5":0,"6":0,"7":0,"8":0,"9":0,"10":0,"11":0,"13":0,"15":0,"16":0,"24":0,"25":0,"28":0}},"/home/travis/build/npmtest/node-npmtest-bhttp/node_modules/bhttp/testcase1.js":{"path":"/home/travis/build/npmtest/node-npmtest-bhttp/node_modules/bhttp/testcase1.js","s":{"1":1,"2":1,"3":1,"4":1,"5":1,"6":0,"7":0,"8":0,"9":0},"b":{"1":[0,0]},"f":{"1":0},"fnMap":{"1":{"name":"(anonymous_1)","line":6,"loc":{"start":{"line":6,"column":97},"end":{"line":6,"column":116}}}},"statementMap":{"1":{"start":{"line":1,"column":0},"end":{"line":1,"column":26}},"2":{"start":{"line":2,"column":0},"end":{"line":2,"column":23}},"3":{"start":{"line":3,"column":0},"end":{"line":3,"column":42}},"4":{"start":{"line":4,"column":0},"end":{"line":4,"column":27}},"5":{"start":{"line":6,"column":0},"end":{"line":13,"column":2}},"6":{"start":{"line":7,"column":1},"end":{"line":12,"column":2}},"7":{"start":{"line":8,"column":2},"end":{"line":8,"column":24}},"8":{"start":{"line":9,"column":3},"end":{"line":9,"column":23}},"9":{"start":{"line":11,"column":2},"end":{"line":11,"column":36}}},"branchMap":{"1":{"line":7,"type":"if","locations":[{"start":{"line":7,"column":1},"end":{"line":7,"column":1}},{"start":{"line":7,"column":1},"end":{"line":7,"column":1}}]}},"code":["var bhttp = require(\"./\");","var stockName = \"AAPL\";","var debug = require(\"debug\")(\"testcase1\");","var util = require(\"util\");","","bhttp.get('http://finance.yahoo.com/q/ks?s=' + stockName + '+Key+Statistics', { stream: false }, function(err, res) {","\tif(err) {","\t\tdebug('ERROR: ' + err)","\t  return callback(err)","\t} else {","\t\tdebug('res: ' + util.inspect(res))","\t}","})",""],"l":{"1":1,"2":1,"3":1,"4":1,"6":1,"7":0,"8":0,"9":0,"11":0}}}